-------------------------------------------------------------------------------
Test set: TestSuite
-------------------------------------------------------------------------------
Tests run: 16, Failures: 1, Errors: 0, Skipped: 0, Time elapsed: 18.45 s <<< FAILURE! - in TestSuite
runScenario(testRunners.APITestNGRunner)  Time elapsed: 4.809 s  <<< FAILURE!
java.lang.AssertionError: expected:<400> but was:<200>

