[{"line":2,"elements":[{"start_timestamp":"2022-07-22T08:45:54.845Z","line":5,"name":"Validate per page user count for ListResources API","description":"","id":"check-user-list-and-individual-user-details-for-listuser-and-singleuser-api;validate-per-page-user-count-for-listresources-api","type":"scenario","keyword":"Scenario","steps":[],"tags":[{"name":"@APITEST"}]},{"start_timestamp":"2022-07-22T08:45:54.874Z","line":7,"name":"Validate if total resource count returned is valid for ListResources API","description":"","id":"check-user-list-and-individual-user-details-for-listuser-and-singleuser-api;validate-if-total-resource-count-returned-is-valid-for-listresources-api","type":"scenario","keyword":"Scenario","steps":[],"tags":[{"name":"@APITEST"}]},{"start_timestamp":"2022-07-22T08:45:54.895Z","line":9,"name":"Check if total number of pages returned for ListResources API are valid","description":"","id":"check-user-list-and-individual-user-details-for-listuser-and-singleuser-api;check-if-total-number-of-pages-returned-for-listresources-api-are-valid","type":"scenario","keyword":"Scenario","steps":[],"tags":[{"name":"@APITEST"}]},{"start_timestamp":"2022-07-22T08:45:54.930Z","line":11,"name":"Check if valid data being returned for ListResources API","description":"","id":"check-user-list-and-individual-user-details-for-listuser-and-singleuser-api;check-if-valid-data-being-returned-for-listresources-api","type":"scenario","keyword":"Scenario","steps":[],"tags":[{"name":"@APITEST"}]},{"start_timestamp":"2022-07-22T08:45:54.947Z","line":13,"name":"Check if user details are being returned for valid resource id","description":"","id":"check-user-list-and-individual-user-details-for-listuser-and-singleuser-api;check-if-user-details-are-being-returned-for-valid-resource-id","type":"scenario","keyword":"Scenario","steps":[],"tags":[{"name":"@APITEST"}]},{"start_timestamp":"2022-07-22T08:45:54.987Z","line":15,"name":"validate if no resource data and error response is being returned for invalid resource id","description":"","id":"check-user-list-and-individual-user-details-for-listuser-and-singleuser-api;validate-if-no-resource-data-and-error-response-is-being-returned-for-invalid-resource-id","type":"scenario","keyword":"Scenario","steps":[],"tags":[{"name":"@APITEST"}]}],"name":"Check user list and individual user details for LISTUSER and SINGLEUSER API","description":"","id":"check-user-list-and-individual-user-details-for-listuser-and-singleuser-api","keyword":"Feature","uri":"file:src/test/resources/features/APITesting/REQRES/ResourceValidation.feature","tags":[{"name":"@APITEST","type":"Tag","location":{"line":1,"column":1}}]},{"line":2,"elements":[{"line":4,"name":"Build the request Base URL","description":"","type":"background","keyword":"Background","steps":[{"result":{"error_message":"io.cucumber.core.exception.CucumberException: class stepDefinations.api.reqres.UserValidation does not have a public zero-argument constructor.\n\nTo use dependency injection add an other ObjectFactory implementation such as:\n * cucumber-picocontainer\n * cucumber-spring\n * cucumber-jakarta-cdi\n * ...etc\n\r\n\tat io.cucumber.core.backend.DefaultObjectFactory.cacheNewInstance(DefaultObjectFactory.java:57)\r\n\tat io.cucumber.core.backend.DefaultObjectFactory.getInstance(DefaultObjectFactory.java:45)\r\n\tat io.cucumber.java.AbstractGlueDefinition.invokeMethod(AbstractGlueDefinition.java:47)\r\n\tat io.cucumber.java.JavaStepDefinition.execute(JavaStepDefinition.java:29)\r\n\tat io.cucumber.core.runner.CoreStepDefinition.execute(CoreStepDefinition.java:66)\r\n\tat io.cucumber.core.runner.PickleStepDefinitionMatch.runStep(PickleStepDefinitionMatch.java:63)\r\n\tat io.cucumber.core.runner.ExecutionMode$1.execute(ExecutionMode.java:10)\r\n\tat io.cucumber.core.runner.TestStep.executeStep(TestStep.java:85)\r\n\tat io.cucumber.core.runner.TestStep.run(TestStep.java:57)\r\n\tat io.cucumber.core.runner.PickleStepTestStep.run(PickleStepTestStep.java:51)\r\n\tat io.cucumber.core.runner.TestCase.run(TestCase.java:84)\r\n\tat io.cucumber.core.runner.Runner.runPickle(Runner.java:75)\r\n\tat io.cucumber.testng.TestNGCucumberRunner.lambda$runScenario$1(TestNGCucumberRunner.java:132)\r\n\tat io.cucumber.core.runtime.CucumberExecutionContext.lambda$runTestCase$5(CucumberExecutionContext.java:129)\r\n\tat io.cucumber.core.runtime.RethrowingThrowableCollector.executeAndThrow(RethrowingThrowableCollector.java:23)\r\n\tat io.cucumber.core.runtime.CucumberExecutionContext.runTestCase(CucumberExecutionContext.java:129)\r\n\tat io.cucumber.testng.TestNGCucumberRunner.runScenario(TestNGCucumberRunner.java:129)\r\n\tat io.cucumber.testng.AbstractTestNGCucumberTests.runScenario(AbstractTestNGCucumberTests.java:35)\r\n\tat java.base/jdk.internal.reflect.NativeMethodAccessorImpl.invoke0(Native Method)\r\n\tat java.base/jdk.internal.reflect.NativeMethodAccessorImpl.invoke(NativeMethodAccessorImpl.java:62)\r\n\tat java.base/jdk.internal.reflect.DelegatingMethodAccessorImpl.invoke(DelegatingMethodAccessorImpl.java:43)\r\n\tat java.base/java.lang.reflect.Method.invoke(Method.java:566)\r\n\tat org.testng.internal.invokers.MethodInvocationHelper.invokeMethod(MethodInvocationHelper.java:135)\r\n\tat org.testng.internal.invokers.TestInvoker.invokeMethod(TestInvoker.java:673)\r\n\tat org.testng.internal.invokers.TestInvoker.invokeTestMethod(TestInvoker.java:220)\r\n\tat org.testng.internal.invokers.MethodRunner.runInSequence(MethodRunner.java:50)\r\n\tat org.testng.internal.invokers.TestInvoker$MethodInvocationAgent.invoke(TestInvoker.java:945)\r\n\tat org.testng.internal.invokers.TestInvoker.invokeTestMethods(TestInvoker.java:193)\r\n\tat org.testng.internal.invokers.TestMethodWorker.invokeTestMethods(TestMethodWorker.java:146)\r\n\tat org.testng.internal.invokers.TestMethodWorker.run(TestMethodWorker.java:128)\r\n\tat java.base/java.util.ArrayList.forEach(ArrayList.java:1541)\r\n\tat org.testng.TestRunner.privateRun(TestRunner.java:808)\r\n\tat org.testng.TestRunner.run(TestRunner.java:603)\r\n\tat org.testng.SuiteRunner.runTest(SuiteRunner.java:429)\r\n\tat org.testng.SuiteRunner.runSequentially(SuiteRunner.java:423)\r\n\tat org.testng.SuiteRunner.privateRun(SuiteRunner.java:383)\r\n\tat org.testng.SuiteRunner.run(SuiteRunner.java:326)\r\n\tat org.testng.SuiteRunnerWorker.runSuite(SuiteRunnerWorker.java:52)\r\n\tat org.testng.SuiteRunnerWorker.run(SuiteRunnerWorker.java:95)\r\n\tat org.testng.TestNG.runSuitesSequentially(TestNG.java:1249)\r\n\tat org.testng.TestNG.runSuitesLocally(TestNG.java:1169)\r\n\tat org.testng.TestNG.runSuites(TestNG.java:1092)\r\n\tat org.testng.TestNG.run(TestNG.java:1060)\r\n\tat com.intellij.rt.testng.IDEARemoteTestNG.run(IDEARemoteTestNG.java:66)\r\n\tat com.intellij.rt.testng.RemoteTestNGStarter.main(RemoteTestNGStarter.java:109)\r\nCaused by: java.lang.NoSuchMethodException: stepDefinations.api.reqres.UserValidation.<init>()\r\n\tat java.base/java.lang.Class.getConstructor0(Class.java:3349)\r\n\tat java.base/java.lang.Class.getConstructor(Class.java:2151)\r\n\tat io.cucumber.core.backend.DefaultObjectFactory.cacheNewInstance(DefaultObjectFactory.java:52)\r\n\t... 44 more\r\n","duration":1000400,"status":"failed"},"line":5,"name":"User have Base URL ready for execution","match":{"location":"stepDefinations.api.reqres.UserValidation.userHaveBaseURLReadyForExecution()"},"keyword":"Given "}]},{"start_timestamp":"2022-07-22T08:45:55.041Z","before":[{"result":{"duration":3998200,"status":"passed"},"match":{"location":"hooks.SauceHooks.getProperty()"}}],"line":7,"name":"Validate per page user count for ListUser API","description":"","id":"create--update--read-and-delete-single-user-details-and-list-of-user-details;validate-per-page-user-count-for-listuser-api","type":"scenario","keyword":"Scenario","steps":[{"result":{"status":"skipped"},"line":8,"name":"Trigger ListUser API request","match":{"location":"stepDefinations.api.reqres.UserValidation.triggerListUserAPIRequest()"},"keyword":"Given "},{"result":{"status":"skipped"},"line":9,"name":"ListUser API returns \"200\" success response","match":{"arguments":[{"val":"\"200\"","offset":21}],"location":"stepDefinations.api.reqres.UserValidation.listUserAPIReturnsSuccessResponse(java.lang.String)"},"keyword":"When "},{"result":{"status":"skipped"},"line":10,"name":"Check whether per page user count is same as mentioned in the response","match":{"location":"stepDefinations.api.reqres.UserValidation.checkWhetherUserCountIsSameAsMentionedInTheResponse()"},"keyword":"Then "}],"tags":[{"name":"@APITEST"}]},{"line":4,"name":"Build the request Base URL","description":"","type":"background","keyword":"Background","steps":[{"result":{"error_message":"io.cucumber.core.exception.CucumberException: class stepDefinations.api.reqres.UserValidation does not have a public zero-argument constructor.\n\nTo use dependency injection add an other ObjectFactory implementation such as:\n * cucumber-picocontainer\n * cucumber-spring\n * cucumber-jakarta-cdi\n * ...etc\n\r\n\tat io.cucumber.core.backend.DefaultObjectFactory.cacheNewInstance(DefaultObjectFactory.java:57)\r\n\tat io.cucumber.core.backend.DefaultObjectFactory.getInstance(DefaultObjectFactory.java:45)\r\n\tat io.cucumber.java.AbstractGlueDefinition.invokeMethod(AbstractGlueDefinition.java:47)\r\n\tat io.cucumber.java.JavaStepDefinition.execute(JavaStepDefinition.java:29)\r\n\tat io.cucumber.core.runner.CoreStepDefinition.execute(CoreStepDefinition.java:66)\r\n\tat io.cucumber.core.runner.PickleStepDefinitionMatch.runStep(PickleStepDefinitionMatch.java:63)\r\n\tat io.cucumber.core.runner.ExecutionMode$1.execute(ExecutionMode.java:10)\r\n\tat io.cucumber.core.runner.TestStep.executeStep(TestStep.java:85)\r\n\tat io.cucumber.core.runner.TestStep.run(TestStep.java:57)\r\n\tat io.cucumber.core.runner.PickleStepTestStep.run(PickleStepTestStep.java:51)\r\n\tat io.cucumber.core.runner.TestCase.run(TestCase.java:84)\r\n\tat io.cucumber.core.runner.Runner.runPickle(Runner.java:75)\r\n\tat io.cucumber.testng.TestNGCucumberRunner.lambda$runScenario$1(TestNGCucumberRunner.java:132)\r\n\tat io.cucumber.core.runtime.CucumberExecutionContext.lambda$runTestCase$5(CucumberExecutionContext.java:129)\r\n\tat io.cucumber.core.runtime.RethrowingThrowableCollector.executeAndThrow(RethrowingThrowableCollector.java:23)\r\n\tat io.cucumber.core.runtime.CucumberExecutionContext.runTestCase(CucumberExecutionContext.java:129)\r\n\tat io.cucumber.testng.TestNGCucumberRunner.runScenario(TestNGCucumberRunner.java:129)\r\n\tat io.cucumber.testng.AbstractTestNGCucumberTests.runScenario(AbstractTestNGCucumberTests.java:35)\r\n\tat java.base/jdk.internal.reflect.NativeMethodAccessorImpl.invoke0(Native Method)\r\n\tat java.base/jdk.internal.reflect.NativeMethodAccessorImpl.invoke(NativeMethodAccessorImpl.java:62)\r\n\tat java.base/jdk.internal.reflect.DelegatingMethodAccessorImpl.invoke(DelegatingMethodAccessorImpl.java:43)\r\n\tat java.base/java.lang.reflect.Method.invoke(Method.java:566)\r\n\tat org.testng.internal.invokers.MethodInvocationHelper.invokeMethod(MethodInvocationHelper.java:135)\r\n\tat org.testng.internal.invokers.TestInvoker.invokeMethod(TestInvoker.java:673)\r\n\tat org.testng.internal.invokers.TestInvoker.invokeTestMethod(TestInvoker.java:220)\r\n\tat org.testng.internal.invokers.MethodRunner.runInSequence(MethodRunner.java:50)\r\n\tat org.testng.internal.invokers.TestInvoker$MethodInvocationAgent.invoke(TestInvoker.java:945)\r\n\tat org.testng.internal.invokers.TestInvoker.invokeTestMethods(TestInvoker.java:193)\r\n\tat org.testng.internal.invokers.TestMethodWorker.invokeTestMethods(TestMethodWorker.java:146)\r\n\tat org.testng.internal.invokers.TestMethodWorker.run(TestMethodWorker.java:128)\r\n\tat java.base/java.util.ArrayList.forEach(ArrayList.java:1541)\r\n\tat org.testng.TestRunner.privateRun(TestRunner.java:808)\r\n\tat org.testng.TestRunner.run(TestRunner.java:603)\r\n\tat org.testng.SuiteRunner.runTest(SuiteRunner.java:429)\r\n\tat org.testng.SuiteRunner.runSequentially(SuiteRunner.java:423)\r\n\tat org.testng.SuiteRunner.privateRun(SuiteRunner.java:383)\r\n\tat org.testng.SuiteRunner.run(SuiteRunner.java:326)\r\n\tat org.testng.SuiteRunnerWorker.runSuite(SuiteRunnerWorker.java:52)\r\n\tat org.testng.SuiteRunnerWorker.run(SuiteRunnerWorker.java:95)\r\n\tat org.testng.TestNG.runSuitesSequentially(TestNG.java:1249)\r\n\tat org.testng.TestNG.runSuitesLocally(TestNG.java:1169)\r\n\tat org.testng.TestNG.runSuites(TestNG.java:1092)\r\n\tat org.testng.TestNG.run(TestNG.java:1060)\r\n\tat com.intellij.rt.testng.IDEARemoteTestNG.run(IDEARemoteTestNG.java:66)\r\n\tat com.intellij.rt.testng.RemoteTestNGStarter.main(RemoteTestNGStarter.java:109)\r\nCaused by: java.lang.NoSuchMethodException: stepDefinations.api.reqres.UserValidation.<init>()\r\n\tat java.base/java.lang.Class.getConstructor0(Class.java:3349)\r\n\tat java.base/java.lang.Class.getConstructor(Class.java:2151)\r\n\tat io.cucumber.core.backend.DefaultObjectFactory.cacheNewInstance(DefaultObjectFactory.java:52)\r\n\t... 44 more\r\n","status":"failed"},"line":5,"name":"User have Base URL ready for execution","match":{"location":"stepDefinations.api.reqres.UserValidation.userHaveBaseURLReadyForExecution()"},"keyword":"Given "}]},{"start_timestamp":"2022-07-22T08:45:55.078Z","before":[{"result":{"duration":1004000,"status":"passed"},"match":{"location":"hooks.SauceHooks.getProperty()"}}],"line":12,"name":"Validate if total user count returned is valid for ListUser API","description":"","id":"create--update--read-and-delete-single-user-details-and-list-of-user-details;validate-if-total-user-count-returned-is-valid-for-listuser-api","type":"scenario","keyword":"Scenario","steps":[{"result":{"status":"skipped"},"line":13,"name":"Trigger ListUser API request","match":{"location":"stepDefinations.api.reqres.UserValidation.triggerListUserAPIRequest()"},"keyword":"Given "},{"result":{"status":"skipped"},"line":14,"name":"ListUser API returns \"200\" success response","match":{"arguments":[{"val":"\"200\"","offset":21}],"location":"stepDefinations.api.reqres.UserValidation.listUserAPIReturnsSuccessResponse(java.lang.String)"},"keyword":"When "},{"result":{"status":"skipped"},"line":15,"name":"Check whether total users count is same as mentioned in the response","match":{"location":"stepDefinations.api.reqres.UserValidation.checkWhetherTotalUsersCountIsSameAsMentionedInTheResponse()"},"keyword":"Then "}],"tags":[{"name":"@APITEST"}]},{"line":4,"name":"Build the request Base URL","description":"","type":"background","keyword":"Background","steps":[{"result":{"error_message":"io.cucumber.core.exception.CucumberException: class stepDefinations.api.reqres.UserValidation does not have a public zero-argument constructor.\n\nTo use dependency injection add an other ObjectFactory implementation such as:\n * cucumber-picocontainer\n * cucumber-spring\n * cucumber-jakarta-cdi\n * ...etc\n\r\n\tat io.cucumber.core.backend.DefaultObjectFactory.cacheNewInstance(DefaultObjectFactory.java:57)\r\n\tat io.cucumber.core.backend.DefaultObjectFactory.getInstance(DefaultObjectFactory.java:45)\r\n\tat io.cucumber.java.AbstractGlueDefinition.invokeMethod(AbstractGlueDefinition.java:47)\r\n\tat io.cucumber.java.JavaStepDefinition.execute(JavaStepDefinition.java:29)\r\n\tat io.cucumber.core.runner.CoreStepDefinition.execute(CoreStepDefinition.java:66)\r\n\tat io.cucumber.core.runner.PickleStepDefinitionMatch.runStep(PickleStepDefinitionMatch.java:63)\r\n\tat io.cucumber.core.runner.ExecutionMode$1.execute(ExecutionMode.java:10)\r\n\tat io.cucumber.core.runner.TestStep.executeStep(TestStep.java:85)\r\n\tat io.cucumber.core.runner.TestStep.run(TestStep.java:57)\r\n\tat io.cucumber.core.runner.PickleStepTestStep.run(PickleStepTestStep.java:51)\r\n\tat io.cucumber.core.runner.TestCase.run(TestCase.java:84)\r\n\tat io.cucumber.core.runner.Runner.runPickle(Runner.java:75)\r\n\tat io.cucumber.testng.TestNGCucumberRunner.lambda$runScenario$1(TestNGCucumberRunner.java:132)\r\n\tat io.cucumber.core.runtime.CucumberExecutionContext.lambda$runTestCase$5(CucumberExecutionContext.java:129)\r\n\tat io.cucumber.core.runtime.RethrowingThrowableCollector.executeAndThrow(RethrowingThrowableCollector.java:23)\r\n\tat io.cucumber.core.runtime.CucumberExecutionContext.runTestCase(CucumberExecutionContext.java:129)\r\n\tat io.cucumber.testng.TestNGCucumberRunner.runScenario(TestNGCucumberRunner.java:129)\r\n\tat io.cucumber.testng.AbstractTestNGCucumberTests.runScenario(AbstractTestNGCucumberTests.java:35)\r\n\tat java.base/jdk.internal.reflect.NativeMethodAccessorImpl.invoke0(Native Method)\r\n\tat java.base/jdk.internal.reflect.NativeMethodAccessorImpl.invoke(NativeMethodAccessorImpl.java:62)\r\n\tat java.base/jdk.internal.reflect.DelegatingMethodAccessorImpl.invoke(DelegatingMethodAccessorImpl.java:43)\r\n\tat java.base/java.lang.reflect.Method.invoke(Method.java:566)\r\n\tat org.testng.internal.invokers.MethodInvocationHelper.invokeMethod(MethodInvocationHelper.java:135)\r\n\tat org.testng.internal.invokers.TestInvoker.invokeMethod(TestInvoker.java:673)\r\n\tat org.testng.internal.invokers.TestInvoker.invokeTestMethod(TestInvoker.java:220)\r\n\tat org.testng.internal.invokers.MethodRunner.runInSequence(MethodRunner.java:50)\r\n\tat org.testng.internal.invokers.TestInvoker$MethodInvocationAgent.invoke(TestInvoker.java:945)\r\n\tat org.testng.internal.invokers.TestInvoker.invokeTestMethods(TestInvoker.java:193)\r\n\tat org.testng.internal.invokers.TestMethodWorker.invokeTestMethods(TestMethodWorker.java:146)\r\n\tat org.testng.internal.invokers.TestMethodWorker.run(TestMethodWorker.java:128)\r\n\tat java.base/java.util.ArrayList.forEach(ArrayList.java:1541)\r\n\tat org.testng.TestRunner.privateRun(TestRunner.java:808)\r\n\tat org.testng.TestRunner.run(TestRunner.java:603)\r\n\tat org.testng.SuiteRunner.runTest(SuiteRunner.java:429)\r\n\tat org.testng.SuiteRunner.runSequentially(SuiteRunner.java:423)\r\n\tat org.testng.SuiteRunner.privateRun(SuiteRunner.java:383)\r\n\tat org.testng.SuiteRunner.run(SuiteRunner.java:326)\r\n\tat org.testng.SuiteRunnerWorker.runSuite(SuiteRunnerWorker.java:52)\r\n\tat org.testng.SuiteRunnerWorker.run(SuiteRunnerWorker.java:95)\r\n\tat org.testng.TestNG.runSuitesSequentially(TestNG.java:1249)\r\n\tat org.testng.TestNG.runSuitesLocally(TestNG.java:1169)\r\n\tat org.testng.TestNG.runSuites(TestNG.java:1092)\r\n\tat org.testng.TestNG.run(TestNG.java:1060)\r\n\tat com.intellij.rt.testng.IDEARemoteTestNG.run(IDEARemoteTestNG.java:66)\r\n\tat com.intellij.rt.testng.RemoteTestNGStarter.main(RemoteTestNGStarter.java:109)\r\nCaused by: java.lang.NoSuchMethodException: stepDefinations.api.reqres.UserValidation.<init>()\r\n\tat java.base/java.lang.Class.getConstructor0(Class.java:3349)\r\n\tat java.base/java.lang.Class.getConstructor(Class.java:2151)\r\n\tat io.cucumber.core.backend.DefaultObjectFactory.cacheNewInstance(DefaultObjectFactory.java:52)\r\n\t... 44 more\r\n","status":"failed"},"line":5,"name":"User have Base URL ready for execution","match":{"location":"stepDefinations.api.reqres.UserValidation.userHaveBaseURLReadyForExecution()"},"keyword":"Given "}]},{"start_timestamp":"2022-07-22T08:45:55.101Z","before":[{"result":{"duration":1001700,"status":"passed"},"match":{"location":"hooks.SauceHooks.getProperty()"}}],"line":17,"name":"Check if total number of pages returned for ListUser API are valid","description":"","id":"create--update--read-and-delete-single-user-details-and-list-of-user-details;check-if-total-number-of-pages-returned-for-listuser-api-are-valid","type":"scenario","keyword":"Scenario","steps":[{"result":{"status":"skipped"},"line":18,"name":"Trigger ListUser API request","match":{"location":"stepDefinations.api.reqres.UserValidation.triggerListUserAPIRequest()"},"keyword":"Given "},{"result":{"status":"skipped"},"line":19,"name":"ListUser API returns \"200\" success response","match":{"arguments":[{"val":"\"200\"","offset":21}],"location":"stepDefinations.api.reqres.UserValidation.listUserAPIReturnsSuccessResponse(java.lang.String)"},"keyword":"When "},{"result":{"status":"skipped"},"line":20,"name":"Check whether total pages count is same as mentioned in the response","match":{"location":"stepDefinations.api.reqres.UserValidation.checkWhetherTotalPagesCountIsSameAsMentionedInTheResponse()"},"keyword":"Then "}],"tags":[{"name":"@APITEST"}]},{"line":4,"name":"Build the request Base URL","description":"","type":"background","keyword":"Background","steps":[{"result":{"error_message":"io.cucumber.core.exception.CucumberException: class stepDefinations.api.reqres.UserValidation does not have a public zero-argument constructor.\n\nTo use dependency injection add an other ObjectFactory implementation such as:\n * cucumber-picocontainer\n * cucumber-spring\n * cucumber-jakarta-cdi\n * ...etc\n\r\n\tat io.cucumber.core.backend.DefaultObjectFactory.cacheNewInstance(DefaultObjectFactory.java:57)\r\n\tat io.cucumber.core.backend.DefaultObjectFactory.getInstance(DefaultObjectFactory.java:45)\r\n\tat io.cucumber.java.AbstractGlueDefinition.invokeMethod(AbstractGlueDefinition.java:47)\r\n\tat io.cucumber.java.JavaStepDefinition.execute(JavaStepDefinition.java:29)\r\n\tat io.cucumber.core.runner.CoreStepDefinition.execute(CoreStepDefinition.java:66)\r\n\tat io.cucumber.core.runner.PickleStepDefinitionMatch.runStep(PickleStepDefinitionMatch.java:63)\r\n\tat io.cucumber.core.runner.ExecutionMode$1.execute(ExecutionMode.java:10)\r\n\tat io.cucumber.core.runner.TestStep.executeStep(TestStep.java:85)\r\n\tat io.cucumber.core.runner.TestStep.run(TestStep.java:57)\r\n\tat io.cucumber.core.runner.PickleStepTestStep.run(PickleStepTestStep.java:51)\r\n\tat io.cucumber.core.runner.TestCase.run(TestCase.java:84)\r\n\tat io.cucumber.core.runner.Runner.runPickle(Runner.java:75)\r\n\tat io.cucumber.testng.TestNGCucumberRunner.lambda$runScenario$1(TestNGCucumberRunner.java:132)\r\n\tat io.cucumber.core.runtime.CucumberExecutionContext.lambda$runTestCase$5(CucumberExecutionContext.java:129)\r\n\tat io.cucumber.core.runtime.RethrowingThrowableCollector.executeAndThrow(RethrowingThrowableCollector.java:23)\r\n\tat io.cucumber.core.runtime.CucumberExecutionContext.runTestCase(CucumberExecutionContext.java:129)\r\n\tat io.cucumber.testng.TestNGCucumberRunner.runScenario(TestNGCucumberRunner.java:129)\r\n\tat io.cucumber.testng.AbstractTestNGCucumberTests.runScenario(AbstractTestNGCucumberTests.java:35)\r\n\tat java.base/jdk.internal.reflect.NativeMethodAccessorImpl.invoke0(Native Method)\r\n\tat java.base/jdk.internal.reflect.NativeMethodAccessorImpl.invoke(NativeMethodAccessorImpl.java:62)\r\n\tat java.base/jdk.internal.reflect.DelegatingMethodAccessorImpl.invoke(DelegatingMethodAccessorImpl.java:43)\r\n\tat java.base/java.lang.reflect.Method.invoke(Method.java:566)\r\n\tat org.testng.internal.invokers.MethodInvocationHelper.invokeMethod(MethodInvocationHelper.java:135)\r\n\tat org.testng.internal.invokers.TestInvoker.invokeMethod(TestInvoker.java:673)\r\n\tat org.testng.internal.invokers.TestInvoker.invokeTestMethod(TestInvoker.java:220)\r\n\tat org.testng.internal.invokers.MethodRunner.runInSequence(MethodRunner.java:50)\r\n\tat org.testng.internal.invokers.TestInvoker$MethodInvocationAgent.invoke(TestInvoker.java:945)\r\n\tat org.testng.internal.invokers.TestInvoker.invokeTestMethods(TestInvoker.java:193)\r\n\tat org.testng.internal.invokers.TestMethodWorker.invokeTestMethods(TestMethodWorker.java:146)\r\n\tat org.testng.internal.invokers.TestMethodWorker.run(TestMethodWorker.java:128)\r\n\tat java.base/java.util.ArrayList.forEach(ArrayList.java:1541)\r\n\tat org.testng.TestRunner.privateRun(TestRunner.java:808)\r\n\tat org.testng.TestRunner.run(TestRunner.java:603)\r\n\tat org.testng.SuiteRunner.runTest(SuiteRunner.java:429)\r\n\tat org.testng.SuiteRunner.runSequentially(SuiteRunner.java:423)\r\n\tat org.testng.SuiteRunner.privateRun(SuiteRunner.java:383)\r\n\tat org.testng.SuiteRunner.run(SuiteRunner.java:326)\r\n\tat org.testng.SuiteRunnerWorker.runSuite(SuiteRunnerWorker.java:52)\r\n\tat org.testng.SuiteRunnerWorker.run(SuiteRunnerWorker.java:95)\r\n\tat org.testng.TestNG.runSuitesSequentially(TestNG.java:1249)\r\n\tat org.testng.TestNG.runSuitesLocally(TestNG.java:1169)\r\n\tat org.testng.TestNG.runSuites(TestNG.java:1092)\r\n\tat org.testng.TestNG.run(TestNG.java:1060)\r\n\tat com.intellij.rt.testng.IDEARemoteTestNG.run(IDEARemoteTestNG.java:66)\r\n\tat com.intellij.rt.testng.RemoteTestNGStarter.main(RemoteTestNGStarter.java:109)\r\nCaused by: java.lang.NoSuchMethodException: stepDefinations.api.reqres.UserValidation.<init>()\r\n\tat java.base/java.lang.Class.getConstructor0(Class.java:3349)\r\n\tat java.base/java.lang.Class.getConstructor(Class.java:2151)\r\n\tat io.cucumber.core.backend.DefaultObjectFactory.cacheNewInstance(DefaultObjectFactory.java:52)\r\n\t... 44 more\r\n","duration":995400,"status":"failed"},"line":5,"name":"User have Base URL ready for execution","match":{"location":"stepDefinations.api.reqres.UserValidation.userHaveBaseURLReadyForExecution()"},"keyword":"Given "}]},{"start_timestamp":"2022-07-22T08:45:55.128Z","before":[{"result":{"duration":1002200,"status":"passed"},"match":{"location":"hooks.SauceHooks.getProperty()"}}],"line":30,"name":"Check if user details are being returned for valid user id","description":"","id":"create--update--read-and-delete-single-user-details-and-list-of-user-details;check-if-user-details-are-being-returned-for-valid-user-id;;2","type":"scenario","keyword":"Scenario Outline","steps":[{"result":{"status":"skipped"},"line":25,"name":"Trigger ListUser API request with user id \"1\"","match":{"arguments":[{"val":"\"1\"","offset":42}],"location":"stepDefinations.api.reqres.UserValidation.triggerListUserAPIRequestWithUserId(java.lang.String)"},"keyword":"Given "},{"result":{"status":"skipped"},"line":26,"name":"ListUser API returns \"200\" success response","match":{"arguments":[{"val":"\"200\"","offset":21}],"location":"stepDefinations.api.reqres.UserValidation.listUserAPIReturnsSuccessResponse(java.lang.String)"},"keyword":"When "},{"result":{"status":"skipped"},"line":27,"name":"User details should be returned in the response","match":{"location":"stepDefinations.api.reqres.UserValidation.userDetailsShouldBeReturnedInTheResponse()"},"keyword":"Then "}],"tags":[{"name":"@APITEST"}]},{"line":4,"name":"Build the request Base URL","description":"","type":"background","keyword":"Background","steps":[{"result":{"error_message":"io.cucumber.core.exception.CucumberException: class stepDefinations.api.reqres.UserValidation does not have a public zero-argument constructor.\n\nTo use dependency injection add an other ObjectFactory implementation such as:\n * cucumber-picocontainer\n * cucumber-spring\n * cucumber-jakarta-cdi\n * ...etc\n\r\n\tat io.cucumber.core.backend.DefaultObjectFactory.cacheNewInstance(DefaultObjectFactory.java:57)\r\n\tat io.cucumber.core.backend.DefaultObjectFactory.getInstance(DefaultObjectFactory.java:45)\r\n\tat io.cucumber.java.AbstractGlueDefinition.invokeMethod(AbstractGlueDefinition.java:47)\r\n\tat io.cucumber.java.JavaStepDefinition.execute(JavaStepDefinition.java:29)\r\n\tat io.cucumber.core.runner.CoreStepDefinition.execute(CoreStepDefinition.java:66)\r\n\tat io.cucumber.core.runner.PickleStepDefinitionMatch.runStep(PickleStepDefinitionMatch.java:63)\r\n\tat io.cucumber.core.runner.ExecutionMode$1.execute(ExecutionMode.java:10)\r\n\tat io.cucumber.core.runner.TestStep.executeStep(TestStep.java:85)\r\n\tat io.cucumber.core.runner.TestStep.run(TestStep.java:57)\r\n\tat io.cucumber.core.runner.PickleStepTestStep.run(PickleStepTestStep.java:51)\r\n\tat io.cucumber.core.runner.TestCase.run(TestCase.java:84)\r\n\tat io.cucumber.core.runner.Runner.runPickle(Runner.java:75)\r\n\tat io.cucumber.testng.TestNGCucumberRunner.lambda$runScenario$1(TestNGCucumberRunner.java:132)\r\n\tat io.cucumber.core.runtime.CucumberExecutionContext.lambda$runTestCase$5(CucumberExecutionContext.java:129)\r\n\tat io.cucumber.core.runtime.RethrowingThrowableCollector.executeAndThrow(RethrowingThrowableCollector.java:23)\r\n\tat io.cucumber.core.runtime.CucumberExecutionContext.runTestCase(CucumberExecutionContext.java:129)\r\n\tat io.cucumber.testng.TestNGCucumberRunner.runScenario(TestNGCucumberRunner.java:129)\r\n\tat io.cucumber.testng.AbstractTestNGCucumberTests.runScenario(AbstractTestNGCucumberTests.java:35)\r\n\tat java.base/jdk.internal.reflect.NativeMethodAccessorImpl.invoke0(Native Method)\r\n\tat java.base/jdk.internal.reflect.NativeMethodAccessorImpl.invoke(NativeMethodAccessorImpl.java:62)\r\n\tat java.base/jdk.internal.reflect.DelegatingMethodAccessorImpl.invoke(DelegatingMethodAccessorImpl.java:43)\r\n\tat java.base/java.lang.reflect.Method.invoke(Method.java:566)\r\n\tat org.testng.internal.invokers.MethodInvocationHelper.invokeMethod(MethodInvocationHelper.java:135)\r\n\tat org.testng.internal.invokers.TestInvoker.invokeMethod(TestInvoker.java:673)\r\n\tat org.testng.internal.invokers.TestInvoker.invokeTestMethod(TestInvoker.java:220)\r\n\tat org.testng.internal.invokers.MethodRunner.runInSequence(MethodRunner.java:50)\r\n\tat org.testng.internal.invokers.TestInvoker$MethodInvocationAgent.invoke(TestInvoker.java:945)\r\n\tat org.testng.internal.invokers.TestInvoker.invokeTestMethods(TestInvoker.java:193)\r\n\tat org.testng.internal.invokers.TestMethodWorker.invokeTestMethods(TestMethodWorker.java:146)\r\n\tat org.testng.internal.invokers.TestMethodWorker.run(TestMethodWorker.java:128)\r\n\tat java.base/java.util.ArrayList.forEach(ArrayList.java:1541)\r\n\tat org.testng.TestRunner.privateRun(TestRunner.java:808)\r\n\tat org.testng.TestRunner.run(TestRunner.java:603)\r\n\tat org.testng.SuiteRunner.runTest(SuiteRunner.java:429)\r\n\tat org.testng.SuiteRunner.runSequentially(SuiteRunner.java:423)\r\n\tat org.testng.SuiteRunner.privateRun(SuiteRunner.java:383)\r\n\tat org.testng.SuiteRunner.run(SuiteRunner.java:326)\r\n\tat org.testng.SuiteRunnerWorker.runSuite(SuiteRunnerWorker.java:52)\r\n\tat org.testng.SuiteRunnerWorker.run(SuiteRunnerWorker.java:95)\r\n\tat org.testng.TestNG.runSuitesSequentially(TestNG.java:1249)\r\n\tat org.testng.TestNG.runSuitesLocally(TestNG.java:1169)\r\n\tat org.testng.TestNG.runSuites(TestNG.java:1092)\r\n\tat org.testng.TestNG.run(TestNG.java:1060)\r\n\tat com.intellij.rt.testng.IDEARemoteTestNG.run(IDEARemoteTestNG.java:66)\r\n\tat com.intellij.rt.testng.RemoteTestNGStarter.main(RemoteTestNGStarter.java:109)\r\nCaused by: java.lang.NoSuchMethodException: stepDefinations.api.reqres.UserValidation.<init>()\r\n\tat java.base/java.lang.Class.getConstructor0(Class.java:3349)\r\n\tat java.base/java.lang.Class.getConstructor(Class.java:2151)\r\n\tat io.cucumber.core.backend.DefaultObjectFactory.cacheNewInstance(DefaultObjectFactory.java:52)\r\n\t... 44 more\r\n","status":"failed"},"line":5,"name":"User have Base URL ready for execution","match":{"location":"stepDefinations.api.reqres.UserValidation.userHaveBaseURLReadyForExecution()"},"keyword":"Given "}]},{"start_timestamp":"2022-07-22T08:45:55.152Z","before":[{"result":{"duration":2000100,"status":"passed"},"match":{"location":"hooks.SauceHooks.getProperty()"}}],"line":31,"name":"Check if user details are being returned for valid user id","description":"","id":"create--update--read-and-delete-single-user-details-and-list-of-user-details;check-if-user-details-are-being-returned-for-valid-user-id;;3","type":"scenario","keyword":"Scenario Outline","steps":[{"result":{"duration":1005400,"status":"skipped"},"line":25,"name":"Trigger ListUser API request with user id \"2\"","match":{"arguments":[{"val":"\"2\"","offset":42}],"location":"stepDefinations.api.reqres.UserValidation.triggerListUserAPIRequestWithUserId(java.lang.String)"},"keyword":"Given "},{"result":{"status":"skipped"},"line":26,"name":"ListUser API returns \"200\" success response","match":{"arguments":[{"val":"\"200\"","offset":21}],"location":"stepDefinations.api.reqres.UserValidation.listUserAPIReturnsSuccessResponse(java.lang.String)"},"keyword":"When "},{"result":{"status":"skipped"},"line":27,"name":"User details should be returned in the response","match":{"location":"stepDefinations.api.reqres.UserValidation.userDetailsShouldBeReturnedInTheResponse()"},"keyword":"Then "}],"tags":[{"name":"@APITEST"}]},{"line":4,"name":"Build the request Base URL","description":"","type":"background","keyword":"Background","steps":[{"result":{"error_message":"io.cucumber.core.exception.CucumberException: class stepDefinations.api.reqres.UserValidation does not have a public zero-argument constructor.\n\nTo use dependency injection add an other ObjectFactory implementation such as:\n * cucumber-picocontainer\n * cucumber-spring\n * cucumber-jakarta-cdi\n * ...etc\n\r\n\tat io.cucumber.core.backend.DefaultObjectFactory.cacheNewInstance(DefaultObjectFactory.java:57)\r\n\tat io.cucumber.core.backend.DefaultObjectFactory.getInstance(DefaultObjectFactory.java:45)\r\n\tat io.cucumber.java.AbstractGlueDefinition.invokeMethod(AbstractGlueDefinition.java:47)\r\n\tat io.cucumber.java.JavaStepDefinition.execute(JavaStepDefinition.java:29)\r\n\tat io.cucumber.core.runner.CoreStepDefinition.execute(CoreStepDefinition.java:66)\r\n\tat io.cucumber.core.runner.PickleStepDefinitionMatch.runStep(PickleStepDefinitionMatch.java:63)\r\n\tat io.cucumber.core.runner.ExecutionMode$1.execute(ExecutionMode.java:10)\r\n\tat io.cucumber.core.runner.TestStep.executeStep(TestStep.java:85)\r\n\tat io.cucumber.core.runner.TestStep.run(TestStep.java:57)\r\n\tat io.cucumber.core.runner.PickleStepTestStep.run(PickleStepTestStep.java:51)\r\n\tat io.cucumber.core.runner.TestCase.run(TestCase.java:84)\r\n\tat io.cucumber.core.runner.Runner.runPickle(Runner.java:75)\r\n\tat io.cucumber.testng.TestNGCucumberRunner.lambda$runScenario$1(TestNGCucumberRunner.java:132)\r\n\tat io.cucumber.core.runtime.CucumberExecutionContext.lambda$runTestCase$5(CucumberExecutionContext.java:129)\r\n\tat io.cucumber.core.runtime.RethrowingThrowableCollector.executeAndThrow(RethrowingThrowableCollector.java:23)\r\n\tat io.cucumber.core.runtime.CucumberExecutionContext.runTestCase(CucumberExecutionContext.java:129)\r\n\tat io.cucumber.testng.TestNGCucumberRunner.runScenario(TestNGCucumberRunner.java:129)\r\n\tat io.cucumber.testng.AbstractTestNGCucumberTests.runScenario(AbstractTestNGCucumberTests.java:35)\r\n\tat java.base/jdk.internal.reflect.NativeMethodAccessorImpl.invoke0(Native Method)\r\n\tat java.base/jdk.internal.reflect.NativeMethodAccessorImpl.invoke(NativeMethodAccessorImpl.java:62)\r\n\tat java.base/jdk.internal.reflect.DelegatingMethodAccessorImpl.invoke(DelegatingMethodAccessorImpl.java:43)\r\n\tat java.base/java.lang.reflect.Method.invoke(Method.java:566)\r\n\tat org.testng.internal.invokers.MethodInvocationHelper.invokeMethod(MethodInvocationHelper.java:135)\r\n\tat org.testng.internal.invokers.TestInvoker.invokeMethod(TestInvoker.java:673)\r\n\tat org.testng.internal.invokers.TestInvoker.invokeTestMethod(TestInvoker.java:220)\r\n\tat org.testng.internal.invokers.MethodRunner.runInSequence(MethodRunner.java:50)\r\n\tat org.testng.internal.invokers.TestInvoker$MethodInvocationAgent.invoke(TestInvoker.java:945)\r\n\tat org.testng.internal.invokers.TestInvoker.invokeTestMethods(TestInvoker.java:193)\r\n\tat org.testng.internal.invokers.TestMethodWorker.invokeTestMethods(TestMethodWorker.java:146)\r\n\tat org.testng.internal.invokers.TestMethodWorker.run(TestMethodWorker.java:128)\r\n\tat java.base/java.util.ArrayList.forEach(ArrayList.java:1541)\r\n\tat org.testng.TestRunner.privateRun(TestRunner.java:808)\r\n\tat org.testng.TestRunner.run(TestRunner.java:603)\r\n\tat org.testng.SuiteRunner.runTest(SuiteRunner.java:429)\r\n\tat org.testng.SuiteRunner.runSequentially(SuiteRunner.java:423)\r\n\tat org.testng.SuiteRunner.privateRun(SuiteRunner.java:383)\r\n\tat org.testng.SuiteRunner.run(SuiteRunner.java:326)\r\n\tat org.testng.SuiteRunnerWorker.runSuite(SuiteRunnerWorker.java:52)\r\n\tat org.testng.SuiteRunnerWorker.run(SuiteRunnerWorker.java:95)\r\n\tat org.testng.TestNG.runSuitesSequentially(TestNG.java:1249)\r\n\tat org.testng.TestNG.runSuitesLocally(TestNG.java:1169)\r\n\tat org.testng.TestNG.runSuites(TestNG.java:1092)\r\n\tat org.testng.TestNG.run(TestNG.java:1060)\r\n\tat com.intellij.rt.testng.IDEARemoteTestNG.run(IDEARemoteTestNG.java:66)\r\n\tat com.intellij.rt.testng.RemoteTestNGStarter.main(RemoteTestNGStarter.java:109)\r\nCaused by: java.lang.NoSuchMethodException: stepDefinations.api.reqres.UserValidation.<init>()\r\n\tat java.base/java.lang.Class.getConstructor0(Class.java:3349)\r\n\tat java.base/java.lang.Class.getConstructor(Class.java:2151)\r\n\tat io.cucumber.core.backend.DefaultObjectFactory.cacheNewInstance(DefaultObjectFactory.java:52)\r\n\t... 44 more\r\n","status":"failed"},"line":5,"name":"User have Base URL ready for execution","match":{"location":"stepDefinations.api.reqres.UserValidation.userHaveBaseURLReadyForExecution()"},"keyword":"Given "}]},{"start_timestamp":"2022-07-22T08:45:55.175Z","before":[{"result":{"duration":1000400,"status":"passed"},"match":{"location":"hooks.SauceHooks.getProperty()"}}],"line":39,"name":"validate if no user data and error response is being returned for invalid user id","description":"","id":"create--update--read-and-delete-single-user-details-and-list-of-user-details;validate-if-no-user-data-and-error-response-is-being-returned-for-invalid-user-id;;2","type":"scenario","keyword":"Scenario Outline","steps":[{"result":{"status":"skipped"},"line":34,"name":"Trigger ListUser API request with user id \"1\"","match":{"arguments":[{"val":"\"1\"","offset":42}],"location":"stepDefinations.api.reqres.UserValidation.triggerListUserAPIRequestWithUserId(java.lang.String)"},"keyword":"Given "},{"result":{"status":"skipped"},"line":35,"name":"ListUser API returns \"404\" success response","match":{"arguments":[{"val":"\"404\"","offset":21}],"location":"stepDefinations.api.reqres.UserValidation.listUserAPIReturnsSuccessResponse(java.lang.String)"},"keyword":"When "},{"result":{"status":"skipped"},"line":36,"name":"User details should not be returned in the response","match":{"location":"stepDefinations.api.reqres.UserValidation.userDetailsShouldNotBeReturnedInTheResponse()"},"keyword":"Then "}],"tags":[{"name":"@APITEST"}]},{"line":4,"name":"Build the request Base URL","description":"","type":"background","keyword":"Background","steps":[{"result":{"error_message":"io.cucumber.core.exception.CucumberException: class stepDefinations.api.reqres.UserValidation does not have a public zero-argument constructor.\n\nTo use dependency injection add an other ObjectFactory implementation such as:\n * cucumber-picocontainer\n * cucumber-spring\n * cucumber-jakarta-cdi\n * ...etc\n\r\n\tat io.cucumber.core.backend.DefaultObjectFactory.cacheNewInstance(DefaultObjectFactory.java:57)\r\n\tat io.cucumber.core.backend.DefaultObjectFactory.getInstance(DefaultObjectFactory.java:45)\r\n\tat io.cucumber.java.AbstractGlueDefinition.invokeMethod(AbstractGlueDefinition.java:47)\r\n\tat io.cucumber.java.JavaStepDefinition.execute(JavaStepDefinition.java:29)\r\n\tat io.cucumber.core.runner.CoreStepDefinition.execute(CoreStepDefinition.java:66)\r\n\tat io.cucumber.core.runner.PickleStepDefinitionMatch.runStep(PickleStepDefinitionMatch.java:63)\r\n\tat io.cucumber.core.runner.ExecutionMode$1.execute(ExecutionMode.java:10)\r\n\tat io.cucumber.core.runner.TestStep.executeStep(TestStep.java:85)\r\n\tat io.cucumber.core.runner.TestStep.run(TestStep.java:57)\r\n\tat io.cucumber.core.runner.PickleStepTestStep.run(PickleStepTestStep.java:51)\r\n\tat io.cucumber.core.runner.TestCase.run(TestCase.java:84)\r\n\tat io.cucumber.core.runner.Runner.runPickle(Runner.java:75)\r\n\tat io.cucumber.testng.TestNGCucumberRunner.lambda$runScenario$1(TestNGCucumberRunner.java:132)\r\n\tat io.cucumber.core.runtime.CucumberExecutionContext.lambda$runTestCase$5(CucumberExecutionContext.java:129)\r\n\tat io.cucumber.core.runtime.RethrowingThrowableCollector.executeAndThrow(RethrowingThrowableCollector.java:23)\r\n\tat io.cucumber.core.runtime.CucumberExecutionContext.runTestCase(CucumberExecutionContext.java:129)\r\n\tat io.cucumber.testng.TestNGCucumberRunner.runScenario(TestNGCucumberRunner.java:129)\r\n\tat io.cucumber.testng.AbstractTestNGCucumberTests.runScenario(AbstractTestNGCucumberTests.java:35)\r\n\tat java.base/jdk.internal.reflect.NativeMethodAccessorImpl.invoke0(Native Method)\r\n\tat java.base/jdk.internal.reflect.NativeMethodAccessorImpl.invoke(NativeMethodAccessorImpl.java:62)\r\n\tat java.base/jdk.internal.reflect.DelegatingMethodAccessorImpl.invoke(DelegatingMethodAccessorImpl.java:43)\r\n\tat java.base/java.lang.reflect.Method.invoke(Method.java:566)\r\n\tat org.testng.internal.invokers.MethodInvocationHelper.invokeMethod(MethodInvocationHelper.java:135)\r\n\tat org.testng.internal.invokers.TestInvoker.invokeMethod(TestInvoker.java:673)\r\n\tat org.testng.internal.invokers.TestInvoker.invokeTestMethod(TestInvoker.java:220)\r\n\tat org.testng.internal.invokers.MethodRunner.runInSequence(MethodRunner.java:50)\r\n\tat org.testng.internal.invokers.TestInvoker$MethodInvocationAgent.invoke(TestInvoker.java:945)\r\n\tat org.testng.internal.invokers.TestInvoker.invokeTestMethods(TestInvoker.java:193)\r\n\tat org.testng.internal.invokers.TestMethodWorker.invokeTestMethods(TestMethodWorker.java:146)\r\n\tat org.testng.internal.invokers.TestMethodWorker.run(TestMethodWorker.java:128)\r\n\tat java.base/java.util.ArrayList.forEach(ArrayList.java:1541)\r\n\tat org.testng.TestRunner.privateRun(TestRunner.java:808)\r\n\tat org.testng.TestRunner.run(TestRunner.java:603)\r\n\tat org.testng.SuiteRunner.runTest(SuiteRunner.java:429)\r\n\tat org.testng.SuiteRunner.runSequentially(SuiteRunner.java:423)\r\n\tat org.testng.SuiteRunner.privateRun(SuiteRunner.java:383)\r\n\tat org.testng.SuiteRunner.run(SuiteRunner.java:326)\r\n\tat org.testng.SuiteRunnerWorker.runSuite(SuiteRunnerWorker.java:52)\r\n\tat org.testng.SuiteRunnerWorker.run(SuiteRunnerWorker.java:95)\r\n\tat org.testng.TestNG.runSuitesSequentially(TestNG.java:1249)\r\n\tat org.testng.TestNG.runSuitesLocally(TestNG.java:1169)\r\n\tat org.testng.TestNG.runSuites(TestNG.java:1092)\r\n\tat org.testng.TestNG.run(TestNG.java:1060)\r\n\tat com.intellij.rt.testng.IDEARemoteTestNG.run(IDEARemoteTestNG.java:66)\r\n\tat com.intellij.rt.testng.RemoteTestNGStarter.main(RemoteTestNGStarter.java:109)\r\nCaused by: java.lang.NoSuchMethodException: stepDefinations.api.reqres.UserValidation.<init>()\r\n\tat java.base/java.lang.Class.getConstructor0(Class.java:3349)\r\n\tat java.base/java.lang.Class.getConstructor(Class.java:2151)\r\n\tat io.cucumber.core.backend.DefaultObjectFactory.cacheNewInstance(DefaultObjectFactory.java:52)\r\n\t... 44 more\r\n","duration":1001600,"status":"failed"},"line":5,"name":"User have Base URL ready for execution","match":{"location":"stepDefinations.api.reqres.UserValidation.userHaveBaseURLReadyForExecution()"},"keyword":"Given "}]},{"start_timestamp":"2022-07-22T08:45:55.198Z","before":[{"result":{"duration":1003300,"status":"passed"},"match":{"location":"hooks.SauceHooks.getProperty()"}}],"line":40,"name":"validate if no user data and error response is being returned for invalid user id","description":"","id":"create--update--read-and-delete-single-user-details-and-list-of-user-details;validate-if-no-user-data-and-error-response-is-being-returned-for-invalid-user-id;;3","type":"scenario","keyword":"Scenario Outline","steps":[{"result":{"status":"skipped"},"line":34,"name":"Trigger ListUser API request with user id \"2\"","match":{"arguments":[{"val":"\"2\"","offset":42}],"location":"stepDefinations.api.reqres.UserValidation.triggerListUserAPIRequestWithUserId(java.lang.String)"},"keyword":"Given "},{"result":{"status":"skipped"},"line":35,"name":"ListUser API returns \"404\" success response","match":{"arguments":[{"val":"\"404\"","offset":21}],"location":"stepDefinations.api.reqres.UserValidation.listUserAPIReturnsSuccessResponse(java.lang.String)"},"keyword":"When "},{"result":{"status":"skipped"},"line":36,"name":"User details should not be returned in the response","match":{"location":"stepDefinations.api.reqres.UserValidation.userDetailsShouldNotBeReturnedInTheResponse()"},"keyword":"Then "}],"tags":[{"name":"@APITEST"}]},{"line":4,"name":"Build the request Base URL","description":"","type":"background","keyword":"Background","steps":[{"result":{"error_message":"io.cucumber.core.exception.CucumberException: class stepDefinations.api.reqres.UserValidation does not have a public zero-argument constructor.\n\nTo use dependency injection add an other ObjectFactory implementation such as:\n * cucumber-picocontainer\n * cucumber-spring\n * cucumber-jakarta-cdi\n * ...etc\n\r\n\tat io.cucumber.core.backend.DefaultObjectFactory.cacheNewInstance(DefaultObjectFactory.java:57)\r\n\tat io.cucumber.core.backend.DefaultObjectFactory.getInstance(DefaultObjectFactory.java:45)\r\n\tat io.cucumber.java.AbstractGlueDefinition.invokeMethod(AbstractGlueDefinition.java:47)\r\n\tat io.cucumber.java.JavaStepDefinition.execute(JavaStepDefinition.java:29)\r\n\tat io.cucumber.core.runner.CoreStepDefinition.execute(CoreStepDefinition.java:66)\r\n\tat io.cucumber.core.runner.PickleStepDefinitionMatch.runStep(PickleStepDefinitionMatch.java:63)\r\n\tat io.cucumber.core.runner.ExecutionMode$1.execute(ExecutionMode.java:10)\r\n\tat io.cucumber.core.runner.TestStep.executeStep(TestStep.java:85)\r\n\tat io.cucumber.core.runner.TestStep.run(TestStep.java:57)\r\n\tat io.cucumber.core.runner.PickleStepTestStep.run(PickleStepTestStep.java:51)\r\n\tat io.cucumber.core.runner.TestCase.run(TestCase.java:84)\r\n\tat io.cucumber.core.runner.Runner.runPickle(Runner.java:75)\r\n\tat io.cucumber.testng.TestNGCucumberRunner.lambda$runScenario$1(TestNGCucumberRunner.java:132)\r\n\tat io.cucumber.core.runtime.CucumberExecutionContext.lambda$runTestCase$5(CucumberExecutionContext.java:129)\r\n\tat io.cucumber.core.runtime.RethrowingThrowableCollector.executeAndThrow(RethrowingThrowableCollector.java:23)\r\n\tat io.cucumber.core.runtime.CucumberExecutionContext.runTestCase(CucumberExecutionContext.java:129)\r\n\tat io.cucumber.testng.TestNGCucumberRunner.runScenario(TestNGCucumberRunner.java:129)\r\n\tat io.cucumber.testng.AbstractTestNGCucumberTests.runScenario(AbstractTestNGCucumberTests.java:35)\r\n\tat java.base/jdk.internal.reflect.NativeMethodAccessorImpl.invoke0(Native Method)\r\n\tat java.base/jdk.internal.reflect.NativeMethodAccessorImpl.invoke(NativeMethodAccessorImpl.java:62)\r\n\tat java.base/jdk.internal.reflect.DelegatingMethodAccessorImpl.invoke(DelegatingMethodAccessorImpl.java:43)\r\n\tat java.base/java.lang.reflect.Method.invoke(Method.java:566)\r\n\tat org.testng.internal.invokers.MethodInvocationHelper.invokeMethod(MethodInvocationHelper.java:135)\r\n\tat org.testng.internal.invokers.TestInvoker.invokeMethod(TestInvoker.java:673)\r\n\tat org.testng.internal.invokers.TestInvoker.invokeTestMethod(TestInvoker.java:220)\r\n\tat org.testng.internal.invokers.MethodRunner.runInSequence(MethodRunner.java:50)\r\n\tat org.testng.internal.invokers.TestInvoker$MethodInvocationAgent.invoke(TestInvoker.java:945)\r\n\tat org.testng.internal.invokers.TestInvoker.invokeTestMethods(TestInvoker.java:193)\r\n\tat org.testng.internal.invokers.TestMethodWorker.invokeTestMethods(TestMethodWorker.java:146)\r\n\tat org.testng.internal.invokers.TestMethodWorker.run(TestMethodWorker.java:128)\r\n\tat java.base/java.util.ArrayList.forEach(ArrayList.java:1541)\r\n\tat org.testng.TestRunner.privateRun(TestRunner.java:808)\r\n\tat org.testng.TestRunner.run(TestRunner.java:603)\r\n\tat org.testng.SuiteRunner.runTest(SuiteRunner.java:429)\r\n\tat org.testng.SuiteRunner.runSequentially(SuiteRunner.java:423)\r\n\tat org.testng.SuiteRunner.privateRun(SuiteRunner.java:383)\r\n\tat org.testng.SuiteRunner.run(SuiteRunner.java:326)\r\n\tat org.testng.SuiteRunnerWorker.runSuite(SuiteRunnerWorker.java:52)\r\n\tat org.testng.SuiteRunnerWorker.run(SuiteRunnerWorker.java:95)\r\n\tat org.testng.TestNG.runSuitesSequentially(TestNG.java:1249)\r\n\tat org.testng.TestNG.runSuitesLocally(TestNG.java:1169)\r\n\tat org.testng.TestNG.runSuites(TestNG.java:1092)\r\n\tat org.testng.TestNG.run(TestNG.java:1060)\r\n\tat com.intellij.rt.testng.IDEARemoteTestNG.run(IDEARemoteTestNG.java:66)\r\n\tat com.intellij.rt.testng.RemoteTestNGStarter.main(RemoteTestNGStarter.java:109)\r\nCaused by: java.lang.NoSuchMethodException: stepDefinations.api.reqres.UserValidation.<init>()\r\n\tat java.base/java.lang.Class.getConstructor0(Class.java:3349)\r\n\tat java.base/java.lang.Class.getConstructor(Class.java:2151)\r\n\tat io.cucumber.core.backend.DefaultObjectFactory.cacheNewInstance(DefaultObjectFactory.java:52)\r\n\t... 44 more\r\n","status":"failed"},"line":5,"name":"User have Base URL ready for execution","match":{"location":"stepDefinations.api.reqres.UserValidation.userHaveBaseURLReadyForExecution()"},"keyword":"Given "}]},{"start_timestamp":"2022-07-22T08:45:55.227Z","before":[{"result":{"duration":1006500,"status":"passed"},"match":{"location":"hooks.SauceHooks.getProperty()"}}],"line":51,"name":"Create user with valid details and check the success response","description":"","id":"create--update--read-and-delete-single-user-details-and-list-of-user-details;create-user-with-valid-details-and-check-the-success-response;;2","type":"scenario","keyword":"Scenario Outline","steps":[{"result":{"status":"skipped"},"line":43,"name":"User creates request payload with details \"user1\" and \"tester\"","match":{"arguments":[{"val":"\"user1\"","offset":42},{"val":"\"tester\"","offset":54}],"location":"stepDefinations.api.reqres.UserValidation.userCreatesRequestPayloadWithDetailsAnd(java.lang.String,java.lang.String)"},"keyword":"Given "},{"result":{"status":"skipped"},"line":44,"name":"Trigger CreateUser API request","match":{"location":"stepDefinations.api.reqres.UserValidation.triggerCreateUserAPIRequest()"},"keyword":"And "},{"result":{"status":"skipped"},"line":45,"name":"ListUser API returns \"201\" success response","match":{"arguments":[{"val":"\"201\"","offset":21}],"location":"stepDefinations.api.reqres.UserValidation.listUserAPIReturnsSuccessResponse(java.lang.String)"},"keyword":"When "},{"result":{"status":"skipped"},"line":46,"name":"User should be created successfully","match":{"location":"stepDefinations.api.reqres.UserValidation.userShouldBeCreatedSuccessfully()"},"keyword":"Then "},{"result":{"status":"skipped"},"line":47,"name":"Validate user name as \"user1\" and job details as \"tester\" in api response","match":{"arguments":[{"val":"\"user1\"","offset":22},{"val":"\"tester\"","offset":49}],"location":"stepDefinations.api.reqres.UserValidation.validateUserNameAsAndJobDetailsAsInApiResponse(java.lang.String,java.lang.String)"},"keyword":"And "},{"result":{"duration":1001400,"status":"skipped"},"line":48,"name":"Validate if user creation date is today's","match":{"location":"stepDefinations.api.reqres.UserValidation.validateIfUserCreationDateIsTodayS()"},"keyword":"And "}],"tags":[{"name":"@APITEST"}]},{"line":4,"name":"Build the request Base URL","description":"","type":"background","keyword":"Background","steps":[{"result":{"error_message":"io.cucumber.core.exception.CucumberException: class stepDefinations.api.reqres.UserValidation does not have a public zero-argument constructor.\n\nTo use dependency injection add an other ObjectFactory implementation such as:\n * cucumber-picocontainer\n * cucumber-spring\n * cucumber-jakarta-cdi\n * ...etc\n\r\n\tat io.cucumber.core.backend.DefaultObjectFactory.cacheNewInstance(DefaultObjectFactory.java:57)\r\n\tat io.cucumber.core.backend.DefaultObjectFactory.getInstance(DefaultObjectFactory.java:45)\r\n\tat io.cucumber.java.AbstractGlueDefinition.invokeMethod(AbstractGlueDefinition.java:47)\r\n\tat io.cucumber.java.JavaStepDefinition.execute(JavaStepDefinition.java:29)\r\n\tat io.cucumber.core.runner.CoreStepDefinition.execute(CoreStepDefinition.java:66)\r\n\tat io.cucumber.core.runner.PickleStepDefinitionMatch.runStep(PickleStepDefinitionMatch.java:63)\r\n\tat io.cucumber.core.runner.ExecutionMode$1.execute(ExecutionMode.java:10)\r\n\tat io.cucumber.core.runner.TestStep.executeStep(TestStep.java:85)\r\n\tat io.cucumber.core.runner.TestStep.run(TestStep.java:57)\r\n\tat io.cucumber.core.runner.PickleStepTestStep.run(PickleStepTestStep.java:51)\r\n\tat io.cucumber.core.runner.TestCase.run(TestCase.java:84)\r\n\tat io.cucumber.core.runner.Runner.runPickle(Runner.java:75)\r\n\tat io.cucumber.testng.TestNGCucumberRunner.lambda$runScenario$1(TestNGCucumberRunner.java:132)\r\n\tat io.cucumber.core.runtime.CucumberExecutionContext.lambda$runTestCase$5(CucumberExecutionContext.java:129)\r\n\tat io.cucumber.core.runtime.RethrowingThrowableCollector.executeAndThrow(RethrowingThrowableCollector.java:23)\r\n\tat io.cucumber.core.runtime.CucumberExecutionContext.runTestCase(CucumberExecutionContext.java:129)\r\n\tat io.cucumber.testng.TestNGCucumberRunner.runScenario(TestNGCucumberRunner.java:129)\r\n\tat io.cucumber.testng.AbstractTestNGCucumberTests.runScenario(AbstractTestNGCucumberTests.java:35)\r\n\tat java.base/jdk.internal.reflect.NativeMethodAccessorImpl.invoke0(Native Method)\r\n\tat java.base/jdk.internal.reflect.NativeMethodAccessorImpl.invoke(NativeMethodAccessorImpl.java:62)\r\n\tat java.base/jdk.internal.reflect.DelegatingMethodAccessorImpl.invoke(DelegatingMethodAccessorImpl.java:43)\r\n\tat java.base/java.lang.reflect.Method.invoke(Method.java:566)\r\n\tat org.testng.internal.invokers.MethodInvocationHelper.invokeMethod(MethodInvocationHelper.java:135)\r\n\tat org.testng.internal.invokers.TestInvoker.invokeMethod(TestInvoker.java:673)\r\n\tat org.testng.internal.invokers.TestInvoker.invokeTestMethod(TestInvoker.java:220)\r\n\tat org.testng.internal.invokers.MethodRunner.runInSequence(MethodRunner.java:50)\r\n\tat org.testng.internal.invokers.TestInvoker$MethodInvocationAgent.invoke(TestInvoker.java:945)\r\n\tat org.testng.internal.invokers.TestInvoker.invokeTestMethods(TestInvoker.java:193)\r\n\tat org.testng.internal.invokers.TestMethodWorker.invokeTestMethods(TestMethodWorker.java:146)\r\n\tat org.testng.internal.invokers.TestMethodWorker.run(TestMethodWorker.java:128)\r\n\tat java.base/java.util.ArrayList.forEach(ArrayList.java:1541)\r\n\tat org.testng.TestRunner.privateRun(TestRunner.java:808)\r\n\tat org.testng.TestRunner.run(TestRunner.java:603)\r\n\tat org.testng.SuiteRunner.runTest(SuiteRunner.java:429)\r\n\tat org.testng.SuiteRunner.runSequentially(SuiteRunner.java:423)\r\n\tat org.testng.SuiteRunner.privateRun(SuiteRunner.java:383)\r\n\tat org.testng.SuiteRunner.run(SuiteRunner.java:326)\r\n\tat org.testng.SuiteRunnerWorker.runSuite(SuiteRunnerWorker.java:52)\r\n\tat org.testng.SuiteRunnerWorker.run(SuiteRunnerWorker.java:95)\r\n\tat org.testng.TestNG.runSuitesSequentially(TestNG.java:1249)\r\n\tat org.testng.TestNG.runSuitesLocally(TestNG.java:1169)\r\n\tat org.testng.TestNG.runSuites(TestNG.java:1092)\r\n\tat org.testng.TestNG.run(TestNG.java:1060)\r\n\tat com.intellij.rt.testng.IDEARemoteTestNG.run(IDEARemoteTestNG.java:66)\r\n\tat com.intellij.rt.testng.RemoteTestNGStarter.main(RemoteTestNGStarter.java:109)\r\nCaused by: java.lang.NoSuchMethodException: stepDefinations.api.reqres.UserValidation.<init>()\r\n\tat java.base/java.lang.Class.getConstructor0(Class.java:3349)\r\n\tat java.base/java.lang.Class.getConstructor(Class.java:2151)\r\n\tat io.cucumber.core.backend.DefaultObjectFactory.cacheNewInstance(DefaultObjectFactory.java:52)\r\n\t... 44 more\r\n","duration":1000300,"status":"failed"},"line":5,"name":"User have Base URL ready for execution","match":{"location":"stepDefinations.api.reqres.UserValidation.userHaveBaseURLReadyForExecution()"},"keyword":"Given "}]},{"start_timestamp":"2022-07-22T08:45:55.244Z","before":[{"result":{"duration":998800,"status":"passed"},"match":{"location":"hooks.SauceHooks.getProperty()"}}],"line":52,"name":"Create user with valid details and check the success response","description":"","id":"create--update--read-and-delete-single-user-details-and-list-of-user-details;create-user-with-valid-details-and-check-the-success-response;;3","type":"scenario","keyword":"Scenario Outline","steps":[{"result":{"status":"skipped"},"line":43,"name":"User creates request payload with details \"user2\" and \"developer\"","match":{"arguments":[{"val":"\"user2\"","offset":42},{"val":"\"developer\"","offset":54}],"location":"stepDefinations.api.reqres.UserValidation.userCreatesRequestPayloadWithDetailsAnd(java.lang.String,java.lang.String)"},"keyword":"Given "},{"result":{"duration":996700,"status":"skipped"},"line":44,"name":"Trigger CreateUser API request","match":{"location":"stepDefinations.api.reqres.UserValidation.triggerCreateUserAPIRequest()"},"keyword":"And "},{"result":{"status":"skipped"},"line":45,"name":"ListUser API returns \"201\" success response","match":{"arguments":[{"val":"\"201\"","offset":21}],"location":"stepDefinations.api.reqres.UserValidation.listUserAPIReturnsSuccessResponse(java.lang.String)"},"keyword":"When "},{"result":{"status":"skipped"},"line":46,"name":"User should be created successfully","match":{"location":"stepDefinations.api.reqres.UserValidation.userShouldBeCreatedSuccessfully()"},"keyword":"Then "},{"result":{"status":"skipped"},"line":47,"name":"Validate user name as \"user2\" and job details as \"developer\" in api response","match":{"arguments":[{"val":"\"user2\"","offset":22},{"val":"\"developer\"","offset":49}],"location":"stepDefinations.api.reqres.UserValidation.validateUserNameAsAndJobDetailsAsInApiResponse(java.lang.String,java.lang.String)"},"keyword":"And "},{"result":{"status":"skipped"},"line":48,"name":"Validate if user creation date is today's","match":{"location":"stepDefinations.api.reqres.UserValidation.validateIfUserCreationDateIsTodayS()"},"keyword":"And "}],"tags":[{"name":"@APITEST"}]},{"line":4,"name":"Build the request Base URL","description":"","type":"background","keyword":"Background","steps":[{"result":{"error_message":"io.cucumber.core.exception.CucumberException: class stepDefinations.api.reqres.UserValidation does not have a public zero-argument constructor.\n\nTo use dependency injection add an other ObjectFactory implementation such as:\n * cucumber-picocontainer\n * cucumber-spring\n * cucumber-jakarta-cdi\n * ...etc\n\r\n\tat io.cucumber.core.backend.DefaultObjectFactory.cacheNewInstance(DefaultObjectFactory.java:57)\r\n\tat io.cucumber.core.backend.DefaultObjectFactory.getInstance(DefaultObjectFactory.java:45)\r\n\tat io.cucumber.java.AbstractGlueDefinition.invokeMethod(AbstractGlueDefinition.java:47)\r\n\tat io.cucumber.java.JavaStepDefinition.execute(JavaStepDefinition.java:29)\r\n\tat io.cucumber.core.runner.CoreStepDefinition.execute(CoreStepDefinition.java:66)\r\n\tat io.cucumber.core.runner.PickleStepDefinitionMatch.runStep(PickleStepDefinitionMatch.java:63)\r\n\tat io.cucumber.core.runner.ExecutionMode$1.execute(ExecutionMode.java:10)\r\n\tat io.cucumber.core.runner.TestStep.executeStep(TestStep.java:85)\r\n\tat io.cucumber.core.runner.TestStep.run(TestStep.java:57)\r\n\tat io.cucumber.core.runner.PickleStepTestStep.run(PickleStepTestStep.java:51)\r\n\tat io.cucumber.core.runner.TestCase.run(TestCase.java:84)\r\n\tat io.cucumber.core.runner.Runner.runPickle(Runner.java:75)\r\n\tat io.cucumber.testng.TestNGCucumberRunner.lambda$runScenario$1(TestNGCucumberRunner.java:132)\r\n\tat io.cucumber.core.runtime.CucumberExecutionContext.lambda$runTestCase$5(CucumberExecutionContext.java:129)\r\n\tat io.cucumber.core.runtime.RethrowingThrowableCollector.executeAndThrow(RethrowingThrowableCollector.java:23)\r\n\tat io.cucumber.core.runtime.CucumberExecutionContext.runTestCase(CucumberExecutionContext.java:129)\r\n\tat io.cucumber.testng.TestNGCucumberRunner.runScenario(TestNGCucumberRunner.java:129)\r\n\tat io.cucumber.testng.AbstractTestNGCucumberTests.runScenario(AbstractTestNGCucumberTests.java:35)\r\n\tat java.base/jdk.internal.reflect.NativeMethodAccessorImpl.invoke0(Native Method)\r\n\tat java.base/jdk.internal.reflect.NativeMethodAccessorImpl.invoke(NativeMethodAccessorImpl.java:62)\r\n\tat java.base/jdk.internal.reflect.DelegatingMethodAccessorImpl.invoke(DelegatingMethodAccessorImpl.java:43)\r\n\tat java.base/java.lang.reflect.Method.invoke(Method.java:566)\r\n\tat org.testng.internal.invokers.MethodInvocationHelper.invokeMethod(MethodInvocationHelper.java:135)\r\n\tat org.testng.internal.invokers.TestInvoker.invokeMethod(TestInvoker.java:673)\r\n\tat org.testng.internal.invokers.TestInvoker.invokeTestMethod(TestInvoker.java:220)\r\n\tat org.testng.internal.invokers.MethodRunner.runInSequence(MethodRunner.java:50)\r\n\tat org.testng.internal.invokers.TestInvoker$MethodInvocationAgent.invoke(TestInvoker.java:945)\r\n\tat org.testng.internal.invokers.TestInvoker.invokeTestMethods(TestInvoker.java:193)\r\n\tat org.testng.internal.invokers.TestMethodWorker.invokeTestMethods(TestMethodWorker.java:146)\r\n\tat org.testng.internal.invokers.TestMethodWorker.run(TestMethodWorker.java:128)\r\n\tat java.base/java.util.ArrayList.forEach(ArrayList.java:1541)\r\n\tat org.testng.TestRunner.privateRun(TestRunner.java:808)\r\n\tat org.testng.TestRunner.run(TestRunner.java:603)\r\n\tat org.testng.SuiteRunner.runTest(SuiteRunner.java:429)\r\n\tat org.testng.SuiteRunner.runSequentially(SuiteRunner.java:423)\r\n\tat org.testng.SuiteRunner.privateRun(SuiteRunner.java:383)\r\n\tat org.testng.SuiteRunner.run(SuiteRunner.java:326)\r\n\tat org.testng.SuiteRunnerWorker.runSuite(SuiteRunnerWorker.java:52)\r\n\tat org.testng.SuiteRunnerWorker.run(SuiteRunnerWorker.java:95)\r\n\tat org.testng.TestNG.runSuitesSequentially(TestNG.java:1249)\r\n\tat org.testng.TestNG.runSuitesLocally(TestNG.java:1169)\r\n\tat org.testng.TestNG.runSuites(TestNG.java:1092)\r\n\tat org.testng.TestNG.run(TestNG.java:1060)\r\n\tat com.intellij.rt.testng.IDEARemoteTestNG.run(IDEARemoteTestNG.java:66)\r\n\tat com.intellij.rt.testng.RemoteTestNGStarter.main(RemoteTestNGStarter.java:109)\r\nCaused by: java.lang.NoSuchMethodException: stepDefinations.api.reqres.UserValidation.<init>()\r\n\tat java.base/java.lang.Class.getConstructor0(Class.java:3349)\r\n\tat java.base/java.lang.Class.getConstructor(Class.java:2151)\r\n\tat io.cucumber.core.backend.DefaultObjectFactory.cacheNewInstance(DefaultObjectFactory.java:52)\r\n\t... 44 more\r\n","status":"failed"},"line":5,"name":"User have Base URL ready for execution","match":{"location":"stepDefinations.api.reqres.UserValidation.userHaveBaseURLReadyForExecution()"},"keyword":"Given "}]},{"start_timestamp":"2022-07-22T08:45:55.264Z","before":[{"result":{"duration":997600,"status":"passed"},"match":{"location":"hooks.SauceHooks.getProperty()"}}],"line":75,"name":"Update user details and validate the success response","description":"","id":"create--update--read-and-delete-single-user-details-and-list-of-user-details;update-user-details-and-validate-the-success-response;;2","type":"scenario","keyword":"Scenario Outline","steps":[{"result":{"status":"skipped"},"line":67,"name":"User creates request payload with details \"user1\" and \"tester\"","match":{"arguments":[{"val":"\"user1\"","offset":42},{"val":"\"tester\"","offset":54}],"location":"stepDefinations.api.reqres.UserValidation.userCreatesRequestPayloadWithDetailsAnd(java.lang.String,java.lang.String)"},"keyword":"Given "},{"result":{"status":"skipped"},"line":68,"name":"Trigger UpdateUser API request with user id as \"User ID\"","match":{"arguments":[{"val":"\"User ID\"","offset":47}],"location":"stepDefinations.api.reqres.UserValidation.triggerUpdateUserAPIRequestWithUserIdAs(java.lang.String)"},"keyword":"And "},{"result":{"status":"skipped"},"line":69,"name":"ListUser API returns \"200\" success response","match":{"arguments":[{"val":"\"200\"","offset":21}],"location":"stepDefinations.api.reqres.UserValidation.listUserAPIReturnsSuccessResponse(java.lang.String)"},"keyword":"When "},{"result":{"status":"skipped"},"line":70,"name":"User should be created successfully","match":{"location":"stepDefinations.api.reqres.UserValidation.userShouldBeCreatedSuccessfully()"},"keyword":"Then "},{"result":{"status":"skipped"},"line":71,"name":"Validate user name as \"user1\" and job details as \"tester\" in api response","match":{"arguments":[{"val":"\"user1\"","offset":22},{"val":"\"tester\"","offset":49}],"location":"stepDefinations.api.reqres.UserValidation.validateUserNameAsAndJobDetailsAsInApiResponse(java.lang.String,java.lang.String)"},"keyword":"And "},{"result":{"status":"skipped"},"line":72,"name":"Validate if user creation date is today's","match":{"location":"stepDefinations.api.reqres.UserValidation.validateIfUserCreationDateIsTodayS()"},"keyword":"And "}],"tags":[{"name":"@APITEST"}]},{"line":4,"name":"Build the request Base URL","description":"","type":"background","keyword":"Background","steps":[{"result":{"error_message":"io.cucumber.core.exception.CucumberException: class stepDefinations.api.reqres.UserValidation does not have a public zero-argument constructor.\n\nTo use dependency injection add an other ObjectFactory implementation such as:\n * cucumber-picocontainer\n * cucumber-spring\n * cucumber-jakarta-cdi\n * ...etc\n\r\n\tat io.cucumber.core.backend.DefaultObjectFactory.cacheNewInstance(DefaultObjectFactory.java:57)\r\n\tat io.cucumber.core.backend.DefaultObjectFactory.getInstance(DefaultObjectFactory.java:45)\r\n\tat io.cucumber.java.AbstractGlueDefinition.invokeMethod(AbstractGlueDefinition.java:47)\r\n\tat io.cucumber.java.JavaStepDefinition.execute(JavaStepDefinition.java:29)\r\n\tat io.cucumber.core.runner.CoreStepDefinition.execute(CoreStepDefinition.java:66)\r\n\tat io.cucumber.core.runner.PickleStepDefinitionMatch.runStep(PickleStepDefinitionMatch.java:63)\r\n\tat io.cucumber.core.runner.ExecutionMode$1.execute(ExecutionMode.java:10)\r\n\tat io.cucumber.core.runner.TestStep.executeStep(TestStep.java:85)\r\n\tat io.cucumber.core.runner.TestStep.run(TestStep.java:57)\r\n\tat io.cucumber.core.runner.PickleStepTestStep.run(PickleStepTestStep.java:51)\r\n\tat io.cucumber.core.runner.TestCase.run(TestCase.java:84)\r\n\tat io.cucumber.core.runner.Runner.runPickle(Runner.java:75)\r\n\tat io.cucumber.testng.TestNGCucumberRunner.lambda$runScenario$1(TestNGCucumberRunner.java:132)\r\n\tat io.cucumber.core.runtime.CucumberExecutionContext.lambda$runTestCase$5(CucumberExecutionContext.java:129)\r\n\tat io.cucumber.core.runtime.RethrowingThrowableCollector.executeAndThrow(RethrowingThrowableCollector.java:23)\r\n\tat io.cucumber.core.runtime.CucumberExecutionContext.runTestCase(CucumberExecutionContext.java:129)\r\n\tat io.cucumber.testng.TestNGCucumberRunner.runScenario(TestNGCucumberRunner.java:129)\r\n\tat io.cucumber.testng.AbstractTestNGCucumberTests.runScenario(AbstractTestNGCucumberTests.java:35)\r\n\tat jdk.internal.reflect.GeneratedMethodAccessor99.invoke(Unknown Source)\r\n\tat java.base/jdk.internal.reflect.DelegatingMethodAccessorImpl.invoke(DelegatingMethodAccessorImpl.java:43)\r\n\tat java.base/java.lang.reflect.Method.invoke(Method.java:566)\r\n\tat org.testng.internal.invokers.MethodInvocationHelper.invokeMethod(MethodInvocationHelper.java:135)\r\n\tat org.testng.internal.invokers.TestInvoker.invokeMethod(TestInvoker.java:673)\r\n\tat org.testng.internal.invokers.TestInvoker.invokeTestMethod(TestInvoker.java:220)\r\n\tat org.testng.internal.invokers.MethodRunner.runInSequence(MethodRunner.java:50)\r\n\tat org.testng.internal.invokers.TestInvoker$MethodInvocationAgent.invoke(TestInvoker.java:945)\r\n\tat org.testng.internal.invokers.TestInvoker.invokeTestMethods(TestInvoker.java:193)\r\n\tat org.testng.internal.invokers.TestMethodWorker.invokeTestMethods(TestMethodWorker.java:146)\r\n\tat org.testng.internal.invokers.TestMethodWorker.run(TestMethodWorker.java:128)\r\n\tat java.base/java.util.ArrayList.forEach(ArrayList.java:1541)\r\n\tat org.testng.TestRunner.privateRun(TestRunner.java:808)\r\n\tat org.testng.TestRunner.run(TestRunner.java:603)\r\n\tat org.testng.SuiteRunner.runTest(SuiteRunner.java:429)\r\n\tat org.testng.SuiteRunner.runSequentially(SuiteRunner.java:423)\r\n\tat org.testng.SuiteRunner.privateRun(SuiteRunner.java:383)\r\n\tat org.testng.SuiteRunner.run(SuiteRunner.java:326)\r\n\tat org.testng.SuiteRunnerWorker.runSuite(SuiteRunnerWorker.java:52)\r\n\tat org.testng.SuiteRunnerWorker.run(SuiteRunnerWorker.java:95)\r\n\tat org.testng.TestNG.runSuitesSequentially(TestNG.java:1249)\r\n\tat org.testng.TestNG.runSuitesLocally(TestNG.java:1169)\r\n\tat org.testng.TestNG.runSuites(TestNG.java:1092)\r\n\tat org.testng.TestNG.run(TestNG.java:1060)\r\n\tat com.intellij.rt.testng.IDEARemoteTestNG.run(IDEARemoteTestNG.java:66)\r\n\tat com.intellij.rt.testng.RemoteTestNGStarter.main(RemoteTestNGStarter.java:109)\r\nCaused by: java.lang.NoSuchMethodException: stepDefinations.api.reqres.UserValidation.<init>()\r\n\tat java.base/java.lang.Class.getConstructor0(Class.java:3349)\r\n\tat java.base/java.lang.Class.getConstructor(Class.java:2151)\r\n\tat io.cucumber.core.backend.DefaultObjectFactory.cacheNewInstance(DefaultObjectFactory.java:52)\r\n\t... 43 more\r\n","duration":1002700,"status":"failed"},"line":5,"name":"User have Base URL ready for execution","match":{"location":"stepDefinations.api.reqres.UserValidation.userHaveBaseURLReadyForExecution()"},"keyword":"Given "}]},{"start_timestamp":"2022-07-22T08:45:55.291Z","before":[{"result":{"duration":999500,"status":"passed"},"match":{"location":"hooks.SauceHooks.getProperty()"}}],"line":76,"name":"Update user details and validate the success response","description":"","id":"create--update--read-and-delete-single-user-details-and-list-of-user-details;update-user-details-and-validate-the-success-response;;3","type":"scenario","keyword":"Scenario Outline","steps":[{"result":{"status":"skipped"},"line":67,"name":"User creates request payload with details \"user2\" and \"developer\"","match":{"arguments":[{"val":"\"user2\"","offset":42},{"val":"\"developer\"","offset":54}],"location":"stepDefinations.api.reqres.UserValidation.userCreatesRequestPayloadWithDetailsAnd(java.lang.String,java.lang.String)"},"keyword":"Given "},{"result":{"status":"skipped"},"line":68,"name":"Trigger UpdateUser API request with user id as \"User ID\"","match":{"arguments":[{"val":"\"User ID\"","offset":47}],"location":"stepDefinations.api.reqres.UserValidation.triggerUpdateUserAPIRequestWithUserIdAs(java.lang.String)"},"keyword":"And "},{"result":{"status":"skipped"},"line":69,"name":"ListUser API returns \"200\" success response","match":{"arguments":[{"val":"\"200\"","offset":21}],"location":"stepDefinations.api.reqres.UserValidation.listUserAPIReturnsSuccessResponse(java.lang.String)"},"keyword":"When "},{"result":{"status":"skipped"},"line":70,"name":"User should be created successfully","match":{"location":"stepDefinations.api.reqres.UserValidation.userShouldBeCreatedSuccessfully()"},"keyword":"Then "},{"result":{"status":"skipped"},"line":71,"name":"Validate user name as \"user2\" and job details as \"developer\" in api response","match":{"arguments":[{"val":"\"user2\"","offset":22},{"val":"\"developer\"","offset":49}],"location":"stepDefinations.api.reqres.UserValidation.validateUserNameAsAndJobDetailsAsInApiResponse(java.lang.String,java.lang.String)"},"keyword":"And "},{"result":{"status":"skipped"},"line":72,"name":"Validate if user creation date is today's","match":{"location":"stepDefinations.api.reqres.UserValidation.validateIfUserCreationDateIsTodayS()"},"keyword":"And "}],"tags":[{"name":"@APITEST"}]},{"line":4,"name":"Build the request Base URL","description":"","type":"background","keyword":"Background","steps":[{"result":{"error_message":"io.cucumber.core.exception.CucumberException: class stepDefinations.api.reqres.UserValidation does not have a public zero-argument constructor.\n\nTo use dependency injection add an other ObjectFactory implementation such as:\n * cucumber-picocontainer\n * cucumber-spring\n * cucumber-jakarta-cdi\n * ...etc\n\r\n\tat io.cucumber.core.backend.DefaultObjectFactory.cacheNewInstance(DefaultObjectFactory.java:57)\r\n\tat io.cucumber.core.backend.DefaultObjectFactory.getInstance(DefaultObjectFactory.java:45)\r\n\tat io.cucumber.java.AbstractGlueDefinition.invokeMethod(AbstractGlueDefinition.java:47)\r\n\tat io.cucumber.java.JavaStepDefinition.execute(JavaStepDefinition.java:29)\r\n\tat io.cucumber.core.runner.CoreStepDefinition.execute(CoreStepDefinition.java:66)\r\n\tat io.cucumber.core.runner.PickleStepDefinitionMatch.runStep(PickleStepDefinitionMatch.java:63)\r\n\tat io.cucumber.core.runner.ExecutionMode$1.execute(ExecutionMode.java:10)\r\n\tat io.cucumber.core.runner.TestStep.executeStep(TestStep.java:85)\r\n\tat io.cucumber.core.runner.TestStep.run(TestStep.java:57)\r\n\tat io.cucumber.core.runner.PickleStepTestStep.run(PickleStepTestStep.java:51)\r\n\tat io.cucumber.core.runner.TestCase.run(TestCase.java:84)\r\n\tat io.cucumber.core.runner.Runner.runPickle(Runner.java:75)\r\n\tat io.cucumber.testng.TestNGCucumberRunner.lambda$runScenario$1(TestNGCucumberRunner.java:132)\r\n\tat io.cucumber.core.runtime.CucumberExecutionContext.lambda$runTestCase$5(CucumberExecutionContext.java:129)\r\n\tat io.cucumber.core.runtime.RethrowingThrowableCollector.executeAndThrow(RethrowingThrowableCollector.java:23)\r\n\tat io.cucumber.core.runtime.CucumberExecutionContext.runTestCase(CucumberExecutionContext.java:129)\r\n\tat io.cucumber.testng.TestNGCucumberRunner.runScenario(TestNGCucumberRunner.java:129)\r\n\tat io.cucumber.testng.AbstractTestNGCucumberTests.runScenario(AbstractTestNGCucumberTests.java:35)\r\n\tat jdk.internal.reflect.GeneratedMethodAccessor99.invoke(Unknown Source)\r\n\tat java.base/jdk.internal.reflect.DelegatingMethodAccessorImpl.invoke(DelegatingMethodAccessorImpl.java:43)\r\n\tat java.base/java.lang.reflect.Method.invoke(Method.java:566)\r\n\tat org.testng.internal.invokers.MethodInvocationHelper.invokeMethod(MethodInvocationHelper.java:135)\r\n\tat org.testng.internal.invokers.TestInvoker.invokeMethod(TestInvoker.java:673)\r\n\tat org.testng.internal.invokers.TestInvoker.invokeTestMethod(TestInvoker.java:220)\r\n\tat org.testng.internal.invokers.MethodRunner.runInSequence(MethodRunner.java:50)\r\n\tat org.testng.internal.invokers.TestInvoker$MethodInvocationAgent.invoke(TestInvoker.java:945)\r\n\tat org.testng.internal.invokers.TestInvoker.invokeTestMethods(TestInvoker.java:193)\r\n\tat org.testng.internal.invokers.TestMethodWorker.invokeTestMethods(TestMethodWorker.java:146)\r\n\tat org.testng.internal.invokers.TestMethodWorker.run(TestMethodWorker.java:128)\r\n\tat java.base/java.util.ArrayList.forEach(ArrayList.java:1541)\r\n\tat org.testng.TestRunner.privateRun(TestRunner.java:808)\r\n\tat org.testng.TestRunner.run(TestRunner.java:603)\r\n\tat org.testng.SuiteRunner.runTest(SuiteRunner.java:429)\r\n\tat org.testng.SuiteRunner.runSequentially(SuiteRunner.java:423)\r\n\tat org.testng.SuiteRunner.privateRun(SuiteRunner.java:383)\r\n\tat org.testng.SuiteRunner.run(SuiteRunner.java:326)\r\n\tat org.testng.SuiteRunnerWorker.runSuite(SuiteRunnerWorker.java:52)\r\n\tat org.testng.SuiteRunnerWorker.run(SuiteRunnerWorker.java:95)\r\n\tat org.testng.TestNG.runSuitesSequentially(TestNG.java:1249)\r\n\tat org.testng.TestNG.runSuitesLocally(TestNG.java:1169)\r\n\tat org.testng.TestNG.runSuites(TestNG.java:1092)\r\n\tat org.testng.TestNG.run(TestNG.java:1060)\r\n\tat com.intellij.rt.testng.IDEARemoteTestNG.run(IDEARemoteTestNG.java:66)\r\n\tat com.intellij.rt.testng.RemoteTestNGStarter.main(RemoteTestNGStarter.java:109)\r\nCaused by: java.lang.NoSuchMethodException: stepDefinations.api.reqres.UserValidation.<init>()\r\n\tat java.base/java.lang.Class.getConstructor0(Class.java:3349)\r\n\tat java.base/java.lang.Class.getConstructor(Class.java:2151)\r\n\tat io.cucumber.core.backend.DefaultObjectFactory.cacheNewInstance(DefaultObjectFactory.java:52)\r\n\t... 43 more\r\n","status":"failed"},"line":5,"name":"User have Base URL ready for execution","match":{"location":"stepDefinations.api.reqres.UserValidation.userHaveBaseURLReadyForExecution()"},"keyword":"Given "}]},{"start_timestamp":"2022-07-22T08:45:55.318Z","before":[{"result":{"duration":1002000,"status":"passed"},"match":{"location":"hooks.SauceHooks.getProperty()"}}],"line":87,"name":"Update user name and validate the success response","description":"","id":"create--update--read-and-delete-single-user-details-and-list-of-user-details;update-user-name-and-validate-the-success-response;;2","type":"scenario","keyword":"Scenario Outline","steps":[{"result":{"status":"skipped"},"line":79,"name":"User creates request payload with user name as \"user1\"","match":{"arguments":[{"val":"\"user1\"","offset":47}],"location":"stepDefinations.api.reqres.UserValidation.userCreatesRequestPayloadWithUserNameAs(java.lang.String)"},"keyword":"Given "},{"result":{"status":"skipped"},"line":80,"name":"Trigger UpdateUser API request with user id as \"User ID\"","match":{"arguments":[{"val":"\"User ID\"","offset":47}],"location":"stepDefinations.api.reqres.UserValidation.triggerUpdateUserAPIRequestWithUserIdAs(java.lang.String)"},"keyword":"And "},{"result":{"status":"skipped"},"line":81,"name":"ListUser API returns \"200\" success response","match":{"arguments":[{"val":"\"200\"","offset":21}],"location":"stepDefinations.api.reqres.UserValidation.listUserAPIReturnsSuccessResponse(java.lang.String)"},"keyword":"When "},{"result":{"status":"skipped"},"line":82,"name":"User should be created successfully","match":{"location":"stepDefinations.api.reqres.UserValidation.userShouldBeCreatedSuccessfully()"},"keyword":"Then "},{"result":{"status":"skipped"},"line":83,"name":"Validate user name as \"user1\" in api response","match":{"arguments":[{"val":"\"user1\"","offset":22}],"location":"stepDefinations.api.reqres.UserValidation.validateUserNameAsInApiResponse(java.lang.String)"},"keyword":"And "},{"result":{"status":"skipped"},"line":84,"name":"Validate if user creation date is today's","match":{"location":"stepDefinations.api.reqres.UserValidation.validateIfUserCreationDateIsTodayS()"},"keyword":"And "}],"tags":[{"name":"@APITEST"}]},{"line":4,"name":"Build the request Base URL","description":"","type":"background","keyword":"Background","steps":[{"result":{"error_message":"io.cucumber.core.exception.CucumberException: class stepDefinations.api.reqres.UserValidation does not have a public zero-argument constructor.\n\nTo use dependency injection add an other ObjectFactory implementation such as:\n * cucumber-picocontainer\n * cucumber-spring\n * cucumber-jakarta-cdi\n * ...etc\n\r\n\tat io.cucumber.core.backend.DefaultObjectFactory.cacheNewInstance(DefaultObjectFactory.java:57)\r\n\tat io.cucumber.core.backend.DefaultObjectFactory.getInstance(DefaultObjectFactory.java:45)\r\n\tat io.cucumber.java.AbstractGlueDefinition.invokeMethod(AbstractGlueDefinition.java:47)\r\n\tat io.cucumber.java.JavaStepDefinition.execute(JavaStepDefinition.java:29)\r\n\tat io.cucumber.core.runner.CoreStepDefinition.execute(CoreStepDefinition.java:66)\r\n\tat io.cucumber.core.runner.PickleStepDefinitionMatch.runStep(PickleStepDefinitionMatch.java:63)\r\n\tat io.cucumber.core.runner.ExecutionMode$1.execute(ExecutionMode.java:10)\r\n\tat io.cucumber.core.runner.TestStep.executeStep(TestStep.java:85)\r\n\tat io.cucumber.core.runner.TestStep.run(TestStep.java:57)\r\n\tat io.cucumber.core.runner.PickleStepTestStep.run(PickleStepTestStep.java:51)\r\n\tat io.cucumber.core.runner.TestCase.run(TestCase.java:84)\r\n\tat io.cucumber.core.runner.Runner.runPickle(Runner.java:75)\r\n\tat io.cucumber.testng.TestNGCucumberRunner.lambda$runScenario$1(TestNGCucumberRunner.java:132)\r\n\tat io.cucumber.core.runtime.CucumberExecutionContext.lambda$runTestCase$5(CucumberExecutionContext.java:129)\r\n\tat io.cucumber.core.runtime.RethrowingThrowableCollector.executeAndThrow(RethrowingThrowableCollector.java:23)\r\n\tat io.cucumber.core.runtime.CucumberExecutionContext.runTestCase(CucumberExecutionContext.java:129)\r\n\tat io.cucumber.testng.TestNGCucumberRunner.runScenario(TestNGCucumberRunner.java:129)\r\n\tat io.cucumber.testng.AbstractTestNGCucumberTests.runScenario(AbstractTestNGCucumberTests.java:35)\r\n\tat jdk.internal.reflect.GeneratedMethodAccessor99.invoke(Unknown Source)\r\n\tat java.base/jdk.internal.reflect.DelegatingMethodAccessorImpl.invoke(DelegatingMethodAccessorImpl.java:43)\r\n\tat java.base/java.lang.reflect.Method.invoke(Method.java:566)\r\n\tat org.testng.internal.invokers.MethodInvocationHelper.invokeMethod(MethodInvocationHelper.java:135)\r\n\tat org.testng.internal.invokers.TestInvoker.invokeMethod(TestInvoker.java:673)\r\n\tat org.testng.internal.invokers.TestInvoker.invokeTestMethod(TestInvoker.java:220)\r\n\tat org.testng.internal.invokers.MethodRunner.runInSequence(MethodRunner.java:50)\r\n\tat org.testng.internal.invokers.TestInvoker$MethodInvocationAgent.invoke(TestInvoker.java:945)\r\n\tat org.testng.internal.invokers.TestInvoker.invokeTestMethods(TestInvoker.java:193)\r\n\tat org.testng.internal.invokers.TestMethodWorker.invokeTestMethods(TestMethodWorker.java:146)\r\n\tat org.testng.internal.invokers.TestMethodWorker.run(TestMethodWorker.java:128)\r\n\tat java.base/java.util.ArrayList.forEach(ArrayList.java:1541)\r\n\tat org.testng.TestRunner.privateRun(TestRunner.java:808)\r\n\tat org.testng.TestRunner.run(TestRunner.java:603)\r\n\tat org.testng.SuiteRunner.runTest(SuiteRunner.java:429)\r\n\tat org.testng.SuiteRunner.runSequentially(SuiteRunner.java:423)\r\n\tat org.testng.SuiteRunner.privateRun(SuiteRunner.java:383)\r\n\tat org.testng.SuiteRunner.run(SuiteRunner.java:326)\r\n\tat org.testng.SuiteRunnerWorker.runSuite(SuiteRunnerWorker.java:52)\r\n\tat org.testng.SuiteRunnerWorker.run(SuiteRunnerWorker.java:95)\r\n\tat org.testng.TestNG.runSuitesSequentially(TestNG.java:1249)\r\n\tat org.testng.TestNG.runSuitesLocally(TestNG.java:1169)\r\n\tat org.testng.TestNG.runSuites(TestNG.java:1092)\r\n\tat org.testng.TestNG.run(TestNG.java:1060)\r\n\tat com.intellij.rt.testng.IDEARemoteTestNG.run(IDEARemoteTestNG.java:66)\r\n\tat com.intellij.rt.testng.RemoteTestNGStarter.main(RemoteTestNGStarter.java:109)\r\nCaused by: java.lang.NoSuchMethodException: stepDefinations.api.reqres.UserValidation.<init>()\r\n\tat java.base/java.lang.Class.getConstructor0(Class.java:3349)\r\n\tat java.base/java.lang.Class.getConstructor(Class.java:2151)\r\n\tat io.cucumber.core.backend.DefaultObjectFactory.cacheNewInstance(DefaultObjectFactory.java:52)\r\n\t... 43 more\r\n","status":"failed"},"line":5,"name":"User have Base URL ready for execution","match":{"location":"stepDefinations.api.reqres.UserValidation.userHaveBaseURLReadyForExecution()"},"keyword":"Given "}]},{"start_timestamp":"2022-07-22T08:45:55.349Z","before":[{"result":{"duration":997400,"status":"passed"},"match":{"location":"hooks.SauceHooks.getProperty()"}}],"line":88,"name":"Update user name and validate the success response","description":"","id":"create--update--read-and-delete-single-user-details-and-list-of-user-details;update-user-name-and-validate-the-success-response;;3","type":"scenario","keyword":"Scenario Outline","steps":[{"result":{"status":"skipped"},"line":79,"name":"User creates request payload with user name as \"user2\"","match":{"arguments":[{"val":"\"user2\"","offset":47}],"location":"stepDefinations.api.reqres.UserValidation.userCreatesRequestPayloadWithUserNameAs(java.lang.String)"},"keyword":"Given "},{"result":{"status":"skipped"},"line":80,"name":"Trigger UpdateUser API request with user id as \"User ID\"","match":{"arguments":[{"val":"\"User ID\"","offset":47}],"location":"stepDefinations.api.reqres.UserValidation.triggerUpdateUserAPIRequestWithUserIdAs(java.lang.String)"},"keyword":"And "},{"result":{"duration":994700,"status":"skipped"},"line":81,"name":"ListUser API returns \"200\" success response","match":{"arguments":[{"val":"\"200\"","offset":21}],"location":"stepDefinations.api.reqres.UserValidation.listUserAPIReturnsSuccessResponse(java.lang.String)"},"keyword":"When "},{"result":{"status":"skipped"},"line":82,"name":"User should be created successfully","match":{"location":"stepDefinations.api.reqres.UserValidation.userShouldBeCreatedSuccessfully()"},"keyword":"Then "},{"result":{"status":"skipped"},"line":83,"name":"Validate user name as \"user2\" in api response","match":{"arguments":[{"val":"\"user2\"","offset":22}],"location":"stepDefinations.api.reqres.UserValidation.validateUserNameAsInApiResponse(java.lang.String)"},"keyword":"And "},{"result":{"status":"skipped"},"line":84,"name":"Validate if user creation date is today's","match":{"location":"stepDefinations.api.reqres.UserValidation.validateIfUserCreationDateIsTodayS()"},"keyword":"And "}],"tags":[{"name":"@APITEST"}]},{"line":4,"name":"Build the request Base URL","description":"","type":"background","keyword":"Background","steps":[{"result":{"error_message":"io.cucumber.core.exception.CucumberException: class stepDefinations.api.reqres.UserValidation does not have a public zero-argument constructor.\n\nTo use dependency injection add an other ObjectFactory implementation such as:\n * cucumber-picocontainer\n * cucumber-spring\n * cucumber-jakarta-cdi\n * ...etc\n\r\n\tat io.cucumber.core.backend.DefaultObjectFactory.cacheNewInstance(DefaultObjectFactory.java:57)\r\n\tat io.cucumber.core.backend.DefaultObjectFactory.getInstance(DefaultObjectFactory.java:45)\r\n\tat io.cucumber.java.AbstractGlueDefinition.invokeMethod(AbstractGlueDefinition.java:47)\r\n\tat io.cucumber.java.JavaStepDefinition.execute(JavaStepDefinition.java:29)\r\n\tat io.cucumber.core.runner.CoreStepDefinition.execute(CoreStepDefinition.java:66)\r\n\tat io.cucumber.core.runner.PickleStepDefinitionMatch.runStep(PickleStepDefinitionMatch.java:63)\r\n\tat io.cucumber.core.runner.ExecutionMode$1.execute(ExecutionMode.java:10)\r\n\tat io.cucumber.core.runner.TestStep.executeStep(TestStep.java:85)\r\n\tat io.cucumber.core.runner.TestStep.run(TestStep.java:57)\r\n\tat io.cucumber.core.runner.PickleStepTestStep.run(PickleStepTestStep.java:51)\r\n\tat io.cucumber.core.runner.TestCase.run(TestCase.java:84)\r\n\tat io.cucumber.core.runner.Runner.runPickle(Runner.java:75)\r\n\tat io.cucumber.testng.TestNGCucumberRunner.lambda$runScenario$1(TestNGCucumberRunner.java:132)\r\n\tat io.cucumber.core.runtime.CucumberExecutionContext.lambda$runTestCase$5(CucumberExecutionContext.java:129)\r\n\tat io.cucumber.core.runtime.RethrowingThrowableCollector.executeAndThrow(RethrowingThrowableCollector.java:23)\r\n\tat io.cucumber.core.runtime.CucumberExecutionContext.runTestCase(CucumberExecutionContext.java:129)\r\n\tat io.cucumber.testng.TestNGCucumberRunner.runScenario(TestNGCucumberRunner.java:129)\r\n\tat io.cucumber.testng.AbstractTestNGCucumberTests.runScenario(AbstractTestNGCucumberTests.java:35)\r\n\tat jdk.internal.reflect.GeneratedMethodAccessor99.invoke(Unknown Source)\r\n\tat java.base/jdk.internal.reflect.DelegatingMethodAccessorImpl.invoke(DelegatingMethodAccessorImpl.java:43)\r\n\tat java.base/java.lang.reflect.Method.invoke(Method.java:566)\r\n\tat org.testng.internal.invokers.MethodInvocationHelper.invokeMethod(MethodInvocationHelper.java:135)\r\n\tat org.testng.internal.invokers.TestInvoker.invokeMethod(TestInvoker.java:673)\r\n\tat org.testng.internal.invokers.TestInvoker.invokeTestMethod(TestInvoker.java:220)\r\n\tat org.testng.internal.invokers.MethodRunner.runInSequence(MethodRunner.java:50)\r\n\tat org.testng.internal.invokers.TestInvoker$MethodInvocationAgent.invoke(TestInvoker.java:945)\r\n\tat org.testng.internal.invokers.TestInvoker.invokeTestMethods(TestInvoker.java:193)\r\n\tat org.testng.internal.invokers.TestMethodWorker.invokeTestMethods(TestMethodWorker.java:146)\r\n\tat org.testng.internal.invokers.TestMethodWorker.run(TestMethodWorker.java:128)\r\n\tat java.base/java.util.ArrayList.forEach(ArrayList.java:1541)\r\n\tat org.testng.TestRunner.privateRun(TestRunner.java:808)\r\n\tat org.testng.TestRunner.run(TestRunner.java:603)\r\n\tat org.testng.SuiteRunner.runTest(SuiteRunner.java:429)\r\n\tat org.testng.SuiteRunner.runSequentially(SuiteRunner.java:423)\r\n\tat org.testng.SuiteRunner.privateRun(SuiteRunner.java:383)\r\n\tat org.testng.SuiteRunner.run(SuiteRunner.java:326)\r\n\tat org.testng.SuiteRunnerWorker.runSuite(SuiteRunnerWorker.java:52)\r\n\tat org.testng.SuiteRunnerWorker.run(SuiteRunnerWorker.java:95)\r\n\tat org.testng.TestNG.runSuitesSequentially(TestNG.java:1249)\r\n\tat org.testng.TestNG.runSuitesLocally(TestNG.java:1169)\r\n\tat org.testng.TestNG.runSuites(TestNG.java:1092)\r\n\tat org.testng.TestNG.run(TestNG.java:1060)\r\n\tat com.intellij.rt.testng.IDEARemoteTestNG.run(IDEARemoteTestNG.java:66)\r\n\tat com.intellij.rt.testng.RemoteTestNGStarter.main(RemoteTestNGStarter.java:109)\r\nCaused by: java.lang.NoSuchMethodException: stepDefinations.api.reqres.UserValidation.<init>()\r\n\tat java.base/java.lang.Class.getConstructor0(Class.java:3349)\r\n\tat java.base/java.lang.Class.getConstructor(Class.java:2151)\r\n\tat io.cucumber.core.backend.DefaultObjectFactory.cacheNewInstance(DefaultObjectFactory.java:52)\r\n\t... 43 more\r\n","duration":1002200,"status":"failed"},"line":5,"name":"User have Base URL ready for execution","match":{"location":"stepDefinations.api.reqres.UserValidation.userHaveBaseURLReadyForExecution()"},"keyword":"Given "}]},{"start_timestamp":"2022-07-22T08:45:55.370Z","before":[{"result":{"duration":996100,"status":"passed"},"match":{"location":"hooks.SauceHooks.getProperty()"}}],"line":99,"name":"Update user name and validate the success response","description":"","id":"create--update--read-and-delete-single-user-details-and-list-of-user-details;update-user-name-and-validate-the-success-response;;2","type":"scenario","keyword":"Scenario Outline","steps":[{"result":{"status":"skipped"},"line":91,"name":"User creates request payload with job title as \"dev\"","match":{"arguments":[{"val":"\"dev\"","offset":47}],"location":"stepDefinations.api.reqres.UserValidation.userCreatesRequestPayloadWithJobTitleAs(java.lang.String)"},"keyword":"Given "},{"result":{"status":"skipped"},"line":92,"name":"Trigger UpdateUser API request with user id as \"User ID\"","match":{"arguments":[{"val":"\"User ID\"","offset":47}],"location":"stepDefinations.api.reqres.UserValidation.triggerUpdateUserAPIRequestWithUserIdAs(java.lang.String)"},"keyword":"And "},{"result":{"status":"skipped"},"line":93,"name":"ListUser API returns \"200\" success response","match":{"arguments":[{"val":"\"200\"","offset":21}],"location":"stepDefinations.api.reqres.UserValidation.listUserAPIReturnsSuccessResponse(java.lang.String)"},"keyword":"When "},{"result":{"status":"skipped"},"line":94,"name":"User should be created successfully","match":{"location":"stepDefinations.api.reqres.UserValidation.userShouldBeCreatedSuccessfully()"},"keyword":"Then "},{"result":{"status":"skipped"},"line":95,"name":"Validate user name as \"dev\" in api response","match":{"arguments":[{"val":"\"dev\"","offset":22}],"location":"stepDefinations.api.reqres.UserValidation.validateUserNameAsInApiResponse(java.lang.String)"},"keyword":"And "},{"result":{"status":"skipped"},"line":96,"name":"Validate if user creation date is today's","match":{"location":"stepDefinations.api.reqres.UserValidation.validateIfUserCreationDateIsTodayS()"},"keyword":"And "}],"tags":[{"name":"@APITEST"}]},{"line":4,"name":"Build the request Base URL","description":"","type":"background","keyword":"Background","steps":[{"result":{"error_message":"io.cucumber.core.exception.CucumberException: class stepDefinations.api.reqres.UserValidation does not have a public zero-argument constructor.\n\nTo use dependency injection add an other ObjectFactory implementation such as:\n * cucumber-picocontainer\n * cucumber-spring\n * cucumber-jakarta-cdi\n * ...etc\n\r\n\tat io.cucumber.core.backend.DefaultObjectFactory.cacheNewInstance(DefaultObjectFactory.java:57)\r\n\tat io.cucumber.core.backend.DefaultObjectFactory.getInstance(DefaultObjectFactory.java:45)\r\n\tat io.cucumber.java.AbstractGlueDefinition.invokeMethod(AbstractGlueDefinition.java:47)\r\n\tat io.cucumber.java.JavaStepDefinition.execute(JavaStepDefinition.java:29)\r\n\tat io.cucumber.core.runner.CoreStepDefinition.execute(CoreStepDefinition.java:66)\r\n\tat io.cucumber.core.runner.PickleStepDefinitionMatch.runStep(PickleStepDefinitionMatch.java:63)\r\n\tat io.cucumber.core.runner.ExecutionMode$1.execute(ExecutionMode.java:10)\r\n\tat io.cucumber.core.runner.TestStep.executeStep(TestStep.java:85)\r\n\tat io.cucumber.core.runner.TestStep.run(TestStep.java:57)\r\n\tat io.cucumber.core.runner.PickleStepTestStep.run(PickleStepTestStep.java:51)\r\n\tat io.cucumber.core.runner.TestCase.run(TestCase.java:84)\r\n\tat io.cucumber.core.runner.Runner.runPickle(Runner.java:75)\r\n\tat io.cucumber.testng.TestNGCucumberRunner.lambda$runScenario$1(TestNGCucumberRunner.java:132)\r\n\tat io.cucumber.core.runtime.CucumberExecutionContext.lambda$runTestCase$5(CucumberExecutionContext.java:129)\r\n\tat io.cucumber.core.runtime.RethrowingThrowableCollector.executeAndThrow(RethrowingThrowableCollector.java:23)\r\n\tat io.cucumber.core.runtime.CucumberExecutionContext.runTestCase(CucumberExecutionContext.java:129)\r\n\tat io.cucumber.testng.TestNGCucumberRunner.runScenario(TestNGCucumberRunner.java:129)\r\n\tat io.cucumber.testng.AbstractTestNGCucumberTests.runScenario(AbstractTestNGCucumberTests.java:35)\r\n\tat jdk.internal.reflect.GeneratedMethodAccessor99.invoke(Unknown Source)\r\n\tat java.base/jdk.internal.reflect.DelegatingMethodAccessorImpl.invoke(DelegatingMethodAccessorImpl.java:43)\r\n\tat java.base/java.lang.reflect.Method.invoke(Method.java:566)\r\n\tat org.testng.internal.invokers.MethodInvocationHelper.invokeMethod(MethodInvocationHelper.java:135)\r\n\tat org.testng.internal.invokers.TestInvoker.invokeMethod(TestInvoker.java:673)\r\n\tat org.testng.internal.invokers.TestInvoker.invokeTestMethod(TestInvoker.java:220)\r\n\tat org.testng.internal.invokers.MethodRunner.runInSequence(MethodRunner.java:50)\r\n\tat org.testng.internal.invokers.TestInvoker$MethodInvocationAgent.invoke(TestInvoker.java:945)\r\n\tat org.testng.internal.invokers.TestInvoker.invokeTestMethods(TestInvoker.java:193)\r\n\tat org.testng.internal.invokers.TestMethodWorker.invokeTestMethods(TestMethodWorker.java:146)\r\n\tat org.testng.internal.invokers.TestMethodWorker.run(TestMethodWorker.java:128)\r\n\tat java.base/java.util.ArrayList.forEach(ArrayList.java:1541)\r\n\tat org.testng.TestRunner.privateRun(TestRunner.java:808)\r\n\tat org.testng.TestRunner.run(TestRunner.java:603)\r\n\tat org.testng.SuiteRunner.runTest(SuiteRunner.java:429)\r\n\tat org.testng.SuiteRunner.runSequentially(SuiteRunner.java:423)\r\n\tat org.testng.SuiteRunner.privateRun(SuiteRunner.java:383)\r\n\tat org.testng.SuiteRunner.run(SuiteRunner.java:326)\r\n\tat org.testng.SuiteRunnerWorker.runSuite(SuiteRunnerWorker.java:52)\r\n\tat org.testng.SuiteRunnerWorker.run(SuiteRunnerWorker.java:95)\r\n\tat org.testng.TestNG.runSuitesSequentially(TestNG.java:1249)\r\n\tat org.testng.TestNG.runSuitesLocally(TestNG.java:1169)\r\n\tat org.testng.TestNG.runSuites(TestNG.java:1092)\r\n\tat org.testng.TestNG.run(TestNG.java:1060)\r\n\tat com.intellij.rt.testng.IDEARemoteTestNG.run(IDEARemoteTestNG.java:66)\r\n\tat com.intellij.rt.testng.RemoteTestNGStarter.main(RemoteTestNGStarter.java:109)\r\nCaused by: java.lang.NoSuchMethodException: stepDefinations.api.reqres.UserValidation.<init>()\r\n\tat java.base/java.lang.Class.getConstructor0(Class.java:3349)\r\n\tat java.base/java.lang.Class.getConstructor(Class.java:2151)\r\n\tat io.cucumber.core.backend.DefaultObjectFactory.cacheNewInstance(DefaultObjectFactory.java:52)\r\n\t... 43 more\r\n","status":"failed"},"line":5,"name":"User have Base URL ready for execution","match":{"location":"stepDefinations.api.reqres.UserValidation.userHaveBaseURLReadyForExecution()"},"keyword":"Given "}]},{"start_timestamp":"2022-07-22T08:45:55.389Z","before":[{"result":{"duration":988100,"status":"passed"},"match":{"location":"hooks.SauceHooks.getProperty()"}}],"line":100,"name":"Update user name and validate the success response","description":"","id":"create--update--read-and-delete-single-user-details-and-list-of-user-details;update-user-name-and-validate-the-success-response;;3","type":"scenario","keyword":"Scenario Outline","steps":[{"result":{"duration":1008400,"status":"skipped"},"line":91,"name":"User creates request payload with job title as \"tester\"","match":{"arguments":[{"val":"\"tester\"","offset":47}],"location":"stepDefinations.api.reqres.UserValidation.userCreatesRequestPayloadWithJobTitleAs(java.lang.String)"},"keyword":"Given "},{"result":{"status":"skipped"},"line":92,"name":"Trigger UpdateUser API request with user id as \"User ID\"","match":{"arguments":[{"val":"\"User ID\"","offset":47}],"location":"stepDefinations.api.reqres.UserValidation.triggerUpdateUserAPIRequestWithUserIdAs(java.lang.String)"},"keyword":"And "},{"result":{"status":"skipped"},"line":93,"name":"ListUser API returns \"200\" success response","match":{"arguments":[{"val":"\"200\"","offset":21}],"location":"stepDefinations.api.reqres.UserValidation.listUserAPIReturnsSuccessResponse(java.lang.String)"},"keyword":"When "},{"result":{"status":"skipped"},"line":94,"name":"User should be created successfully","match":{"location":"stepDefinations.api.reqres.UserValidation.userShouldBeCreatedSuccessfully()"},"keyword":"Then "},{"result":{"status":"skipped"},"line":95,"name":"Validate user name as \"tester\" in api response","match":{"arguments":[{"val":"\"tester\"","offset":22}],"location":"stepDefinations.api.reqres.UserValidation.validateUserNameAsInApiResponse(java.lang.String)"},"keyword":"And "},{"result":{"status":"skipped"},"line":96,"name":"Validate if user creation date is today's","match":{"location":"stepDefinations.api.reqres.UserValidation.validateIfUserCreationDateIsTodayS()"},"keyword":"And "}],"tags":[{"name":"@APITEST"}]},{"line":4,"name":"Build the request Base URL","description":"","type":"background","keyword":"Background","steps":[{"result":{"error_message":"io.cucumber.core.exception.CucumberException: class stepDefinations.api.reqres.UserValidation does not have a public zero-argument constructor.\n\nTo use dependency injection add an other ObjectFactory implementation such as:\n * cucumber-picocontainer\n * cucumber-spring\n * cucumber-jakarta-cdi\n * ...etc\n\r\n\tat io.cucumber.core.backend.DefaultObjectFactory.cacheNewInstance(DefaultObjectFactory.java:57)\r\n\tat io.cucumber.core.backend.DefaultObjectFactory.getInstance(DefaultObjectFactory.java:45)\r\n\tat io.cucumber.java.AbstractGlueDefinition.invokeMethod(AbstractGlueDefinition.java:47)\r\n\tat io.cucumber.java.JavaStepDefinition.execute(JavaStepDefinition.java:29)\r\n\tat io.cucumber.core.runner.CoreStepDefinition.execute(CoreStepDefinition.java:66)\r\n\tat io.cucumber.core.runner.PickleStepDefinitionMatch.runStep(PickleStepDefinitionMatch.java:63)\r\n\tat io.cucumber.core.runner.ExecutionMode$1.execute(ExecutionMode.java:10)\r\n\tat io.cucumber.core.runner.TestStep.executeStep(TestStep.java:85)\r\n\tat io.cucumber.core.runner.TestStep.run(TestStep.java:57)\r\n\tat io.cucumber.core.runner.PickleStepTestStep.run(PickleStepTestStep.java:51)\r\n\tat io.cucumber.core.runner.TestCase.run(TestCase.java:84)\r\n\tat io.cucumber.core.runner.Runner.runPickle(Runner.java:75)\r\n\tat io.cucumber.testng.TestNGCucumberRunner.lambda$runScenario$1(TestNGCucumberRunner.java:132)\r\n\tat io.cucumber.core.runtime.CucumberExecutionContext.lambda$runTestCase$5(CucumberExecutionContext.java:129)\r\n\tat io.cucumber.core.runtime.RethrowingThrowableCollector.executeAndThrow(RethrowingThrowableCollector.java:23)\r\n\tat io.cucumber.core.runtime.CucumberExecutionContext.runTestCase(CucumberExecutionContext.java:129)\r\n\tat io.cucumber.testng.TestNGCucumberRunner.runScenario(TestNGCucumberRunner.java:129)\r\n\tat io.cucumber.testng.AbstractTestNGCucumberTests.runScenario(AbstractTestNGCucumberTests.java:35)\r\n\tat jdk.internal.reflect.GeneratedMethodAccessor99.invoke(Unknown Source)\r\n\tat java.base/jdk.internal.reflect.DelegatingMethodAccessorImpl.invoke(DelegatingMethodAccessorImpl.java:43)\r\n\tat java.base/java.lang.reflect.Method.invoke(Method.java:566)\r\n\tat org.testng.internal.invokers.MethodInvocationHelper.invokeMethod(MethodInvocationHelper.java:135)\r\n\tat org.testng.internal.invokers.TestInvoker.invokeMethod(TestInvoker.java:673)\r\n\tat org.testng.internal.invokers.TestInvoker.invokeTestMethod(TestInvoker.java:220)\r\n\tat org.testng.internal.invokers.MethodRunner.runInSequence(MethodRunner.java:50)\r\n\tat org.testng.internal.invokers.TestInvoker$MethodInvocationAgent.invoke(TestInvoker.java:945)\r\n\tat org.testng.internal.invokers.TestInvoker.invokeTestMethods(TestInvoker.java:193)\r\n\tat org.testng.internal.invokers.TestMethodWorker.invokeTestMethods(TestMethodWorker.java:146)\r\n\tat org.testng.internal.invokers.TestMethodWorker.run(TestMethodWorker.java:128)\r\n\tat java.base/java.util.ArrayList.forEach(ArrayList.java:1541)\r\n\tat org.testng.TestRunner.privateRun(TestRunner.java:808)\r\n\tat org.testng.TestRunner.run(TestRunner.java:603)\r\n\tat org.testng.SuiteRunner.runTest(SuiteRunner.java:429)\r\n\tat org.testng.SuiteRunner.runSequentially(SuiteRunner.java:423)\r\n\tat org.testng.SuiteRunner.privateRun(SuiteRunner.java:383)\r\n\tat org.testng.SuiteRunner.run(SuiteRunner.java:326)\r\n\tat org.testng.SuiteRunnerWorker.runSuite(SuiteRunnerWorker.java:52)\r\n\tat org.testng.SuiteRunnerWorker.run(SuiteRunnerWorker.java:95)\r\n\tat org.testng.TestNG.runSuitesSequentially(TestNG.java:1249)\r\n\tat org.testng.TestNG.runSuitesLocally(TestNG.java:1169)\r\n\tat org.testng.TestNG.runSuites(TestNG.java:1092)\r\n\tat org.testng.TestNG.run(TestNG.java:1060)\r\n\tat com.intellij.rt.testng.IDEARemoteTestNG.run(IDEARemoteTestNG.java:66)\r\n\tat com.intellij.rt.testng.RemoteTestNGStarter.main(RemoteTestNGStarter.java:109)\r\nCaused by: java.lang.NoSuchMethodException: stepDefinations.api.reqres.UserValidation.<init>()\r\n\tat java.base/java.lang.Class.getConstructor0(Class.java:3349)\r\n\tat java.base/java.lang.Class.getConstructor(Class.java:2151)\r\n\tat io.cucumber.core.backend.DefaultObjectFactory.cacheNewInstance(DefaultObjectFactory.java:52)\r\n\t... 43 more\r\n","status":"failed"},"line":5,"name":"User have Base URL ready for execution","match":{"location":"stepDefinations.api.reqres.UserValidation.userHaveBaseURLReadyForExecution()"},"keyword":"Given "}]},{"start_timestamp":"2022-07-22T08:45:55.413Z","before":[{"result":{"duration":2999300,"status":"passed"},"match":{"location":"hooks.SauceHooks.getProperty()"}}],"line":107,"name":"Delete valid user and validate the success response","description":"","id":"create--update--read-and-delete-single-user-details-and-list-of-user-details;delete-valid-user-and-validate-the-success-response;;2","type":"scenario","keyword":"Scenario Outline","steps":[{"result":{"status":"skipped"},"line":103,"name":"Trigger DeleteUser API request for user id \"1\"","match":{"arguments":[{"val":"\"1\"","offset":43}],"location":"stepDefinations.api.reqres.UserValidation.triggerDeleteUserAPIRequestForUserId(java.lang.String)"},"keyword":"When "},{"result":{"status":"skipped"},"line":104,"name":"ListUser API returns \"204\" success response","match":{"arguments":[{"val":"\"204\"","offset":21}],"location":"stepDefinations.api.reqres.UserValidation.listUserAPIReturnsSuccessResponse(java.lang.String)"},"keyword":"Then "}],"tags":[{"name":"@APITEST"}]},{"line":4,"name":"Build the request Base URL","description":"","type":"background","keyword":"Background","steps":[{"result":{"error_message":"io.cucumber.core.exception.CucumberException: class stepDefinations.api.reqres.UserValidation does not have a public zero-argument constructor.\n\nTo use dependency injection add an other ObjectFactory implementation such as:\n * cucumber-picocontainer\n * cucumber-spring\n * cucumber-jakarta-cdi\n * ...etc\n\r\n\tat io.cucumber.core.backend.DefaultObjectFactory.cacheNewInstance(DefaultObjectFactory.java:57)\r\n\tat io.cucumber.core.backend.DefaultObjectFactory.getInstance(DefaultObjectFactory.java:45)\r\n\tat io.cucumber.java.AbstractGlueDefinition.invokeMethod(AbstractGlueDefinition.java:47)\r\n\tat io.cucumber.java.JavaStepDefinition.execute(JavaStepDefinition.java:29)\r\n\tat io.cucumber.core.runner.CoreStepDefinition.execute(CoreStepDefinition.java:66)\r\n\tat io.cucumber.core.runner.PickleStepDefinitionMatch.runStep(PickleStepDefinitionMatch.java:63)\r\n\tat io.cucumber.core.runner.ExecutionMode$1.execute(ExecutionMode.java:10)\r\n\tat io.cucumber.core.runner.TestStep.executeStep(TestStep.java:85)\r\n\tat io.cucumber.core.runner.TestStep.run(TestStep.java:57)\r\n\tat io.cucumber.core.runner.PickleStepTestStep.run(PickleStepTestStep.java:51)\r\n\tat io.cucumber.core.runner.TestCase.run(TestCase.java:84)\r\n\tat io.cucumber.core.runner.Runner.runPickle(Runner.java:75)\r\n\tat io.cucumber.testng.TestNGCucumberRunner.lambda$runScenario$1(TestNGCucumberRunner.java:132)\r\n\tat io.cucumber.core.runtime.CucumberExecutionContext.lambda$runTestCase$5(CucumberExecutionContext.java:129)\r\n\tat io.cucumber.core.runtime.RethrowingThrowableCollector.executeAndThrow(RethrowingThrowableCollector.java:23)\r\n\tat io.cucumber.core.runtime.CucumberExecutionContext.runTestCase(CucumberExecutionContext.java:129)\r\n\tat io.cucumber.testng.TestNGCucumberRunner.runScenario(TestNGCucumberRunner.java:129)\r\n\tat io.cucumber.testng.AbstractTestNGCucumberTests.runScenario(AbstractTestNGCucumberTests.java:35)\r\n\tat jdk.internal.reflect.GeneratedMethodAccessor99.invoke(Unknown Source)\r\n\tat java.base/jdk.internal.reflect.DelegatingMethodAccessorImpl.invoke(DelegatingMethodAccessorImpl.java:43)\r\n\tat java.base/java.lang.reflect.Method.invoke(Method.java:566)\r\n\tat org.testng.internal.invokers.MethodInvocationHelper.invokeMethod(MethodInvocationHelper.java:135)\r\n\tat org.testng.internal.invokers.TestInvoker.invokeMethod(TestInvoker.java:673)\r\n\tat org.testng.internal.invokers.TestInvoker.invokeTestMethod(TestInvoker.java:220)\r\n\tat org.testng.internal.invokers.MethodRunner.runInSequence(MethodRunner.java:50)\r\n\tat org.testng.internal.invokers.TestInvoker$MethodInvocationAgent.invoke(TestInvoker.java:945)\r\n\tat org.testng.internal.invokers.TestInvoker.invokeTestMethods(TestInvoker.java:193)\r\n\tat org.testng.internal.invokers.TestMethodWorker.invokeTestMethods(TestMethodWorker.java:146)\r\n\tat org.testng.internal.invokers.TestMethodWorker.run(TestMethodWorker.java:128)\r\n\tat java.base/java.util.ArrayList.forEach(ArrayList.java:1541)\r\n\tat org.testng.TestRunner.privateRun(TestRunner.java:808)\r\n\tat org.testng.TestRunner.run(TestRunner.java:603)\r\n\tat org.testng.SuiteRunner.runTest(SuiteRunner.java:429)\r\n\tat org.testng.SuiteRunner.runSequentially(SuiteRunner.java:423)\r\n\tat org.testng.SuiteRunner.privateRun(SuiteRunner.java:383)\r\n\tat org.testng.SuiteRunner.run(SuiteRunner.java:326)\r\n\tat org.testng.SuiteRunnerWorker.runSuite(SuiteRunnerWorker.java:52)\r\n\tat org.testng.SuiteRunnerWorker.run(SuiteRunnerWorker.java:95)\r\n\tat org.testng.TestNG.runSuitesSequentially(TestNG.java:1249)\r\n\tat org.testng.TestNG.runSuitesLocally(TestNG.java:1169)\r\n\tat org.testng.TestNG.runSuites(TestNG.java:1092)\r\n\tat org.testng.TestNG.run(TestNG.java:1060)\r\n\tat com.intellij.rt.testng.IDEARemoteTestNG.run(IDEARemoteTestNG.java:66)\r\n\tat com.intellij.rt.testng.RemoteTestNGStarter.main(RemoteTestNGStarter.java:109)\r\nCaused by: java.lang.NoSuchMethodException: stepDefinations.api.reqres.UserValidation.<init>()\r\n\tat java.base/java.lang.Class.getConstructor0(Class.java:3349)\r\n\tat java.base/java.lang.Class.getConstructor(Class.java:2151)\r\n\tat io.cucumber.core.backend.DefaultObjectFactory.cacheNewInstance(DefaultObjectFactory.java:52)\r\n\t... 43 more\r\n","status":"failed"},"line":5,"name":"User have Base URL ready for execution","match":{"location":"stepDefinations.api.reqres.UserValidation.userHaveBaseURLReadyForExecution()"},"keyword":"Given "}]},{"start_timestamp":"2022-07-22T08:45:55.437Z","before":[{"result":{"duration":997700,"status":"passed"},"match":{"location":"hooks.SauceHooks.getProperty()"}}],"line":108,"name":"Delete valid user and validate the success response","description":"","id":"create--update--read-and-delete-single-user-details-and-list-of-user-details;delete-valid-user-and-validate-the-success-response;;3","type":"scenario","keyword":"Scenario Outline","steps":[{"result":{"status":"skipped"},"line":103,"name":"Trigger DeleteUser API request for user id \"2\"","match":{"arguments":[{"val":"\"2\"","offset":43}],"location":"stepDefinations.api.reqres.UserValidation.triggerDeleteUserAPIRequestForUserId(java.lang.String)"},"keyword":"When "},{"result":{"status":"skipped"},"line":104,"name":"ListUser API returns \"204\" success response","match":{"arguments":[{"val":"\"204\"","offset":21}],"location":"stepDefinations.api.reqres.UserValidation.listUserAPIReturnsSuccessResponse(java.lang.String)"},"keyword":"Then "}],"tags":[{"name":"@APITEST"}]}],"name":"Create, update, read and delete single user details and List of user details","description":"","id":"create--update--read-and-delete-single-user-details-and-list-of-user-details","keyword":"Feature","uri":"file:src/test/resources/features/APITesting/REQRES/UserValidation.feature","tags":[{"name":"@APITEST","type":"Tag","location":{"line":1,"column":1}}]},{"line":2,"elements":[{"line":4,"name":"User Navigate to Swag Lab Inventory Page","description":"","type":"background","keyword":"Background","steps":[{"result":{"duration":1606102100,"status":"passed"},"line":5,"name":"User enter the valid URL for Swag Lab application","match":{"location":"stepDefinations.selenium.LoginPage.User_enter_the_valid_URL_for_Swag_Lab_application()"},"keyword":"When "},{"result":{"duration":145338700,"status":"passed"},"line":6,"name":"User enters the username as \"standard_user\"","match":{"arguments":[{"val":"\"standard_user\"","offset":28}],"location":"stepDefinations.selenium.LoginPage.userEntersTheUsernameAs(java.lang.String)"},"keyword":"And "},{"result":{"duration":124005100,"status":"passed"},"line":7,"name":"User enters the password as \"secret_sauce\"","match":{"arguments":[{"val":"\"secret_sauce\"","offset":28}],"location":"stepDefinations.selenium.LoginPage.userEntersThePasswordAs(java.lang.String)"},"keyword":"And "},{"result":{"duration":454435100,"status":"passed"},"line":8,"name":"User clicks on the login button","match":{"location":"stepDefinations.selenium.LoginPage.userClicksLoginButton()"},"keyword":"And "}]},{"start_timestamp":"2022-07-22T08:45:55.462Z","before":[{"result":{"duration":2005000,"status":"passed"},"match":{"location":"hooks.SauceHooks.getProperty()"}},{"result":{"duration":7548869700,"status":"passed"},"match":{"location":"hooks.SauceHooks.launchBrowser()"}}],"line":10,"name":"Validate Swag Lab Inventory Page","description":"","id":"swag-labs-inventory-page-validation;validate-swag-lab-inventory-page","after":[{"result":{"status":"passed"},"match":{"location":"hooks.SauceHooks.takeScreenshot(io.cucumber.java.Scenario)"}},{"result":{"duration":861801900,"status":"passed"},"match":{"location":"hooks.SauceHooks.closeBrowser()"}}],"type":"scenario","keyword":"Scenario","steps":[{"result":{"duration":3036699000,"status":"passed"},"line":11,"name":"User is on Inventory Page","match":{"location":"stepDefinations.selenium.InventoryPage.userIsOnInventoryPage()"},"keyword":"When "},{"result":{"duration":52994600,"status":"passed"},"line":12,"name":"Swag Lab logo should be visible on the top of the page","match":{"location":"stepDefinations.selenium.InventoryPage.swagLabLogoShouldBeVisibleOnTheTopOfThePage()"},"keyword":"Then "},{"result":{"duration":60001800,"status":"passed"},"line":13,"name":"User should see Cart Icon on top right of the page","match":{"location":"stepDefinations.selenium.InventoryPage.userShouldSeeCartIconOnTopRightOfThePage()"},"keyword":"And "},{"result":{"duration":47014900,"status":"passed"},"line":14,"name":"User should see Navigation Menu on top left of the page","match":{"location":"stepDefinations.selenium.InventoryPage.userShouldSeeNavigationMenuOnTopLeftOfThePage()"},"keyword":"And "},{"result":{"duration":35989000,"status":"passed"},"line":15,"name":"User Should see the \"PRODUCTS\" Title text above product inventory","match":{"arguments":[{"val":"\"PRODUCTS\"","offset":20}],"location":"stepDefinations.selenium.InventoryPage.userShouldSeeTheTitleTextAboveProductInventory(java.lang.String)"},"keyword":"And "},{"result":{"duration":36045000,"status":"passed"},"line":16,"name":"User should be able to see inventory products in page","match":{"location":"stepDefinations.selenium.InventoryPage.userShouldBeAbleToSeeInventoryProductsInPage()"},"keyword":"And "},{"result":{"duration":20959200,"status":"passed"},"line":17,"name":"User should see the 3 Social media icons in page footer","match":{"arguments":[{"val":"3","offset":20}],"location":"stepDefinations.selenium.InventoryPage.userShouldSeeTheSocialMediaIconsInPageFooter(int)"},"keyword":"And "},{"result":{"duration":27997500,"status":"passed"},"line":18,"name":"User should see the footer copyright text","match":{"location":"stepDefinations.selenium.InventoryPage.userShouldSeeTheFooterCopyrightText()"},"keyword":"And "},{"result":{"duration":47445700,"status":"passed"},"line":19,"name":"User should see robo image in right side of footer","match":{"location":"stepDefinations.selenium.InventoryPage.userShouldSeeRoboImageInRightSideOfFooter()"},"keyword":"And "}],"tags":[{"name":"@UITest"}]},{"line":4,"name":"User Navigate to Swag Lab Inventory Page","description":"","type":"background","keyword":"Background","steps":[{"result":{"duration":1630110400,"status":"passed"},"line":5,"name":"User enter the valid URL for Swag Lab application","match":{"location":"stepDefinations.selenium.LoginPage.User_enter_the_valid_URL_for_Swag_Lab_application()"},"keyword":"When "},{"result":{"duration":141720400,"status":"passed"},"line":6,"name":"User enters the username as \"standard_user\"","match":{"arguments":[{"val":"\"standard_user\"","offset":28}],"location":"stepDefinations.selenium.LoginPage.userEntersTheUsernameAs(java.lang.String)"},"keyword":"And "},{"result":{"duration":152444100,"status":"passed"},"line":7,"name":"User enters the password as \"secret_sauce\"","match":{"arguments":[{"val":"\"secret_sauce\"","offset":28}],"location":"stepDefinations.selenium.LoginPage.userEntersThePasswordAs(java.lang.String)"},"keyword":"And "},{"result":{"duration":382635100,"status":"passed"},"line":8,"name":"User clicks on the login button","match":{"location":"stepDefinations.selenium.LoginPage.userClicksLoginButton()"},"keyword":"And "}]},{"start_timestamp":"2022-07-22T08:46:09.594Z","before":[{"result":{"duration":1000000,"status":"passed"},"match":{"location":"hooks.SauceHooks.getProperty()"}},{"result":{"duration":2385860200,"status":"passed"},"match":{"location":"hooks.SauceHooks.launchBrowser()"}}],"line":21,"name":"Validate All the products in page","description":"","id":"swag-labs-inventory-page-validation;validate-all-the-products-in-page","after":[{"result":{"status":"passed"},"match":{"location":"hooks.SauceHooks.takeScreenshot(io.cucumber.java.Scenario)"}},{"result":{"duration":814143700,"status":"passed"},"match":{"location":"hooks.SauceHooks.closeBrowser()"}}],"type":"scenario","keyword":"Scenario","steps":[{"result":{"duration":3016098700,"status":"passed"},"line":22,"name":"User is on Inventory Page","match":{"location":"stepDefinations.selenium.InventoryPage.userIsOnInventoryPage()"},"keyword":"When "},{"result":{"status":"passed"},"line":23,"name":"User should be able to see below Product titles and price in the page","match":{"location":"stepDefinations.selenium.InventoryPage.userShouldBeAbleToSeeBelowProductTitlesAndPriceInThePage()"},"keyword":"Then "},{"result":{"status":"passed"},"line":24,"name":"All the Product Images should be visible","match":{"location":"stepDefinations.selenium.InventoryPage.allTheProductImagesShouldBeVisible()"},"keyword":"And "},{"result":{"status":"passed"},"line":25,"name":"Product description should be visible for all the products","match":{"location":"stepDefinations.selenium.InventoryPage.productDescriptionShouldBeVisibleForAllTheProducts()"},"keyword":"And "},{"result":{"status":"passed"},"line":26,"name":"Product add to cart CTA should be visible for all products","match":{"location":"stepDefinations.selenium.InventoryPage.productAddToCartCTAShouldBeVisibleForAllProducts()"},"keyword":"And "}],"tags":[{"name":"@UITest"}]}],"name":"Swag Labs Inventory page validation","description":"","id":"swag-labs-inventory-page-validation","keyword":"Feature","uri":"file:src/test/resources/features/Selenium/InventoryPage.feature","tags":[{"name":"@UITest","type":"Tag","location":{"line":1,"column":1}}]},{"line":2,"elements":[{"line":4,"name":"User Navigates to the Swag Lab Login or Landing Page","description":"","type":"background","keyword":"Background","steps":[{"result":{"duration":1661694900,"status":"passed"},"line":5,"name":"User enter the valid URL for Swag Lab application","match":{"location":"stepDefinations.selenium.LoginPage.User_enter_the_valid_URL_for_Swag_Lab_application()"},"keyword":"When "},{"result":{"duration":4931400,"status":"passed"},"line":6,"name":"User should be navigated to the Swag Lab Login or Landing page","match":{"location":"stepDefinations.selenium.LoginPage.userShouldBeNavigatedToTheSwagLabLoginOrLandingPage()"},"keyword":"Then "}]},{"start_timestamp":"2022-07-22T08:46:18.131Z","before":[{"result":{"duration":998200,"status":"passed"},"match":{"location":"hooks.SauceHooks.getProperty()"}},{"result":{"duration":2198360000,"status":"passed"},"match":{"location":"hooks.SauceHooks.launchBrowser()"}}],"line":8,"name":"Validate login page for the Swag Lab Applications","description":"","id":"swag-lab-login-or-landing-page-validations;validate-login-page-for-the-swag-lab-applications","after":[{"result":{"status":"passed"},"match":{"location":"hooks.SauceHooks.takeScreenshot(io.cucumber.java.Scenario)"}},{"result":{"duration":815281000,"status":"passed"},"match":{"location":"hooks.SauceHooks.closeBrowser()"}}],"type":"scenario","keyword":"Scenario","steps":[{"result":{"duration":9995100,"status":"passed"},"line":9,"name":"User is on the Swag Lab Login or Landing page","match":{"location":"stepDefinations.selenium.LoginPage.userIsOnTheSwagLabLoginLandingPage()"},"keyword":"When "},{"result":{"duration":56827300,"status":"passed"},"line":10,"name":"Login Page Swag Lab logo visible on the top of the page","match":{"location":"stepDefinations.selenium.LoginPage.loginPageswagLabLogoVisibleOnTheTopOfThePage()"},"keyword":"Then "},{"result":{"duration":62332200,"status":"passed"},"line":11,"name":"User Name and Password field should be visible in page","match":{"location":"stepDefinations.selenium.LoginPage.userNameAndPasswordFieldShouldBeVisibleInPage()"},"keyword":"And "},{"result":{"duration":28572600,"status":"passed"},"line":12,"name":"Login button should be visible in the page","match":{"location":"stepDefinations.selenium.LoginPage.loginButtonShouldBeVisibleInThePage()"},"keyword":"And "},{"result":{"duration":30781500,"status":"passed"},"line":13,"name":"Robo picture should be visible in the page","match":{"location":"stepDefinations.selenium.LoginPage.robotPictureShouldBeVisibleInThePage()"},"keyword":"And "},{"result":{"duration":31988800,"status":"passed"},"line":14,"name":"Accepted User name labels are visible in the page","match":{"location":"stepDefinations.selenium.LoginPage.acceptedUserNameLabelsAreVisibleInThePage()"},"keyword":"And "},{"result":{"duration":29003400,"status":"passed"},"line":15,"name":"Accepted password labels are visible in page","match":{"location":"stepDefinations.selenium.LoginPage.acceptedPasswordLabelsAreVisibleInPage()"},"keyword":"And "}],"tags":[{"name":"@UITest"}]},{"line":4,"name":"User Navigates to the Swag Lab Login or Landing Page","description":"","type":"background","keyword":"Background","steps":[{"result":{"duration":1215657800,"status":"passed"},"line":5,"name":"User enter the valid URL for Swag Lab application","match":{"location":"stepDefinations.selenium.LoginPage.User_enter_the_valid_URL_for_Swag_Lab_application()"},"keyword":"When "},{"result":{"duration":9978800,"status":"passed"},"line":6,"name":"User should be navigated to the Swag Lab Login or Landing page","match":{"location":"stepDefinations.selenium.LoginPage.userShouldBeNavigatedToTheSwagLabLoginOrLandingPage()"},"keyword":"Then "}]},{"start_timestamp":"2022-07-22T08:46:23.072Z","before":[{"result":{"duration":1013400,"status":"passed"},"match":{"location":"hooks.SauceHooks.getProperty()"}},{"result":{"duration":2353289600,"status":"passed"},"match":{"location":"hooks.SauceHooks.launchBrowser()"}}],"line":17,"name":"User should be logged in successfully if valid credentials are entered","description":"","id":"swag-lab-login-or-landing-page-validations;user-should-be-logged-in-successfully-if-valid-credentials-are-entered","after":[{"result":{"status":"passed"},"match":{"location":"hooks.SauceHooks.takeScreenshot(io.cucumber.java.Scenario)"}},{"result":{"duration":903301500,"status":"passed"},"match":{"location":"hooks.SauceHooks.closeBrowser()"}}],"type":"scenario","keyword":"Scenario","steps":[{"result":{"duration":4586300,"status":"passed"},"line":18,"name":"User is on the Swag Lab Login or Landing page","match":{"location":"stepDefinations.selenium.LoginPage.userIsOnTheSwagLabLoginLandingPage()"},"keyword":"When "},{"result":{"duration":90873400,"status":"passed"},"line":19,"name":"User enters the username as \"standard_user\"","match":{"arguments":[{"val":"\"standard_user\"","offset":28}],"location":"stepDefinations.selenium.LoginPage.userEntersTheUsernameAs(java.lang.String)"},"keyword":"And "},{"result":{"duration":90268100,"status":"passed"},"line":20,"name":"User enters the password as \"secret_sauce\"","match":{"arguments":[{"val":"\"secret_sauce\"","offset":28}],"location":"stepDefinations.selenium.LoginPage.userEntersThePasswordAs(java.lang.String)"},"keyword":"And "},{"result":{"duration":297956000,"status":"passed"},"line":21,"name":"User clicks on the login button","match":{"location":"stepDefinations.selenium.LoginPage.userClicksLoginButton()"},"keyword":"And "},{"result":{"duration":41013400,"status":"passed"},"line":22,"name":"User should be logged in successfully","match":{"location":"stepDefinations.selenium.LoginPage.userShouldBeLoggedInSuccessfully()"},"keyword":"Then "}],"tags":[{"name":"@UITest"}]},{"line":4,"name":"User Navigates to the Swag Lab Login or Landing Page","description":"","type":"background","keyword":"Background","steps":[{"result":{"duration":1171313900,"status":"passed"},"line":5,"name":"User enter the valid URL for Swag Lab application","match":{"location":"stepDefinations.selenium.LoginPage.User_enter_the_valid_URL_for_Swag_Lab_application()"},"keyword":"When "},{"result":{"duration":7573400,"status":"passed"},"line":6,"name":"User should be navigated to the Swag Lab Login or Landing page","match":{"location":"stepDefinations.selenium.LoginPage.userShouldBeNavigatedToTheSwagLabLoginOrLandingPage()"},"keyword":"Then "}]},{"start_timestamp":"2022-07-22T08:46:28.096Z","before":[{"result":{"duration":7001100,"status":"passed"},"match":{"location":"hooks.SauceHooks.getProperty()"}},{"result":{"duration":2263980700,"status":"passed"},"match":{"location":"hooks.SauceHooks.launchBrowser()"}}],"line":25,"name":"User login should be failed if invalid credentials are entered","description":"","id":"swag-lab-login-or-landing-page-validations;user-login-should-be-failed-if-invalid-credentials-are-entered","after":[{"result":{"status":"passed"},"match":{"location":"hooks.SauceHooks.takeScreenshot(io.cucumber.java.Scenario)"}},{"result":{"duration":735042000,"status":"passed"},"match":{"location":"hooks.SauceHooks.closeBrowser()"}}],"type":"scenario","keyword":"Scenario","steps":[{"result":{"duration":6972600,"status":"passed"},"line":26,"name":"User is on the Swag Lab Login or Landing page","match":{"location":"stepDefinations.selenium.LoginPage.userIsOnTheSwagLabLoginLandingPage()"},"keyword":"When "},{"result":{"duration":94667100,"status":"passed"},"line":27,"name":"User enters the username as \"locked_out_user\"","match":{"arguments":[{"val":"\"locked_out_user\"","offset":28}],"location":"stepDefinations.selenium.LoginPage.userEntersTheUsernameAs(java.lang.String)"},"keyword":"And "},{"result":{"duration":94084600,"status":"passed"},"line":28,"name":"User enters the password as \"incorrect_pass\"","match":{"arguments":[{"val":"\"incorrect_pass\"","offset":28}],"location":"stepDefinations.selenium.LoginPage.userEntersThePasswordAs(java.lang.String)"},"keyword":"And "},{"result":{"duration":264000900,"status":"passed"},"line":29,"name":"User clicks on the login button","match":{"location":"stepDefinations.selenium.LoginPage.userClicksLoginButton()"},"keyword":"And "},{"result":{"duration":30764200,"status":"passed"},"line":30,"name":"Login should fail and error message is displayed as \"Epic sadface: Username and password do not match any user in this service\"","match":{"arguments":[{"val":"\"Epic sadface: Username and password do not match any user in this service\"","offset":52}],"location":"stepDefinations.selenium.LoginPage.loginShouldFailAndErrorMessageIsDisplayedAs(java.lang.String)"},"keyword":"Then "}],"tags":[{"name":"@UITest"}]},{"line":4,"name":"User Navigates to the Swag Lab Login or Landing Page","description":"","type":"background","keyword":"Background","steps":[{"result":{"duration":1236601900,"status":"passed"},"line":5,"name":"User enter the valid URL for Swag Lab application","match":{"location":"stepDefinations.selenium.LoginPage.User_enter_the_valid_URL_for_Swag_Lab_application()"},"keyword":"When "},{"result":{"duration":7995800,"status":"passed"},"line":6,"name":"User should be navigated to the Swag Lab Login or Landing page","match":{"location":"stepDefinations.selenium.LoginPage.userShouldBeNavigatedToTheSwagLabLoginOrLandingPage()"},"keyword":"Then "}]},{"start_timestamp":"2022-07-22T08:46:32.778Z","before":[{"result":{"duration":976200,"status":"passed"},"match":{"location":"hooks.SauceHooks.getProperty()"}},{"result":{"duration":2152797300,"status":"passed"},"match":{"location":"hooks.SauceHooks.launchBrowser()"}}],"line":32,"name":"Validate if user not allowed to login if account is locked","description":"","id":"swag-lab-login-or-landing-page-validations;validate-if-user-not-allowed-to-login-if-account-is-locked","after":[{"result":{"status":"passed"},"match":{"location":"hooks.SauceHooks.takeScreenshot(io.cucumber.java.Scenario)"}},{"result":{"duration":762366800,"status":"passed"},"match":{"location":"hooks.SauceHooks.closeBrowser()"}}],"type":"scenario","keyword":"Scenario","steps":[{"result":{"duration":6416600,"status":"passed"},"line":33,"name":"User is on the Swag Lab Login or Landing page","match":{"location":"stepDefinations.selenium.LoginPage.userIsOnTheSwagLabLoginLandingPage()"},"keyword":"When "},{"result":{"duration":98993300,"status":"passed"},"line":34,"name":"User enters the username as \"locked_out_user\"","match":{"arguments":[{"val":"\"locked_out_user\"","offset":28}],"location":"stepDefinations.selenium.LoginPage.userEntersTheUsernameAs(java.lang.String)"},"keyword":"And "},{"result":{"duration":83240700,"status":"passed"},"line":35,"name":"User enters the password as \"secret_sauce\"","match":{"arguments":[{"val":"\"secret_sauce\"","offset":28}],"location":"stepDefinations.selenium.LoginPage.userEntersThePasswordAs(java.lang.String)"},"keyword":"And "},{"result":{"duration":275844600,"status":"passed"},"line":36,"name":"User clicks on the login button","match":{"location":"stepDefinations.selenium.LoginPage.userClicksLoginButton()"},"keyword":"And "},{"result":{"duration":28109500,"status":"passed"},"line":37,"name":"Login should fail and error message is displayed as \"Epic sadface: Sorry, this user has been locked out.\"","match":{"arguments":[{"val":"\"Epic sadface: Sorry, this user has been locked out.\"","offset":52}],"location":"stepDefinations.selenium.LoginPage.loginShouldFailAndErrorMessageIsDisplayedAs(java.lang.String)"},"keyword":"Then "}],"tags":[{"name":"@UITest"}]}],"name":"Swag Lab Login or Landing page validations","description":"","id":"swag-lab-login-or-landing-page-validations","keyword":"Feature","uri":"file:src/test/resources/features/Selenium/LoginPage.feature","tags":[{"name":"@UITest","type":"Tag","location":{"line":1,"column":1}}]}]